2025-06-07 18:38:31.058 [info] Reading sessions from keychain...
2025-06-07 18:38:31.058 [info] Getting sessions for all scopes...
2025-06-07 18:38:31.058 [info] Getting sessions for all scopes...
2025-06-07 18:38:31.058 [info] Got stored sessions!
2025-06-07 18:38:31.058 [info] Got 1 verified sessions.
2025-06-07 18:38:31.058 [info] Got 1 sessions for ...
2025-06-07 18:38:31.058 [info] Got 1 sessions for ...
2025-06-07 18:38:31.058 [info] Getting sessions for read:user,repo,user:email...
2025-06-07 18:38:31.058 [info] Got 0 sessions for read:user,repo,user:email...
2025-06-07 18:38:31.300 [info] Getting sessions for all scopes...
2025-06-07 18:38:31.300 [info] Got 1 sessions for ...
2025-06-07 18:39:43.672 [info] Reading sessions from keychain...
2025-06-07 18:39:43.672 [info] Getting sessions for all scopes...
2025-06-07 18:39:43.672 [info] Getting sessions for all scopes...
2025-06-07 18:39:43.672 [info] Got stored sessions!
2025-06-07 18:39:43.672 [info] Got 1 verified sessions.
2025-06-07 18:39:43.672 [info] Got 1 sessions for ...
2025-06-07 18:39:43.672 [info] Got 1 sessions for ...
2025-06-07 18:39:43.672 [info] Getting sessions for read:user,repo,user:email...
2025-06-07 18:39:43.672 [info] Got 0 sessions for read:user,repo,user:email...
2025-06-07 18:39:45.367 [info] Getting sessions for all scopes...
2025-06-07 18:39:45.367 [info] Got 1 sessions for ...
