2025-06-08 12:37:44.053 [info] MainController: Starting nvim: /usr/bin/nvim -N --embed --cmd source /home/sterben/.vscode-oss/extensions/asvetliakov.vscode-neovim-1.18.22-universal/runtime/vscode-neovim.vim
2025-06-08 12:37:44.090 [info] MainController: Nvim info: {
  nvimVersion: {
    prerelease: false,
    minor: 11,
    major: 0,
    api_level: 13,
    api_prerelease: false,
    api_compatible: 0,
    patch: 2,
    build: 'dirty'
  },
  logFile: '/home/sterben/.local/state/nvim/log',
  configDir: '/home/sterben/.config/nvim'
}
2025-06-08 12:37:52.352 [info] MessagesManager: '/temperature             \n'
2025-06-08 12:37:52.352 [info] MessagesManager: '/temperature        [1/4]\n'
2025-06-08 12:37:54.073 [info] MessagesManager: '/temperature             \n'
2025-06-08 12:37:54.074 [info] MessagesManager: '/temperature        [2/4]\n'
2025-06-08 13:31:09.664 [info] MessagesManager: '3 lines yanked\n'
2025-06-08 13:32:49.840 [info] MessagesManager: '2 fewer lines; before #25  4 seconds ago\n'
2025-06-08 13:32:58.180 [info] MessagesManager: '3 lines yanked\n'
2025-06-08 13:33:22.120 [info] MessagesManager: '2 fewer lines; before #30  3 seconds ago\n'
2025-06-08 13:33:49.928 [info] MessagesManager: '3 lines yanked\n'
2025-06-08 13:36:08.366 [info] MessagesManager: '3 lines yanked\n'
2025-06-08 13:43:22.093 [info] MessagesManager: '2 changes; before #46  30 seconds ago\n'
2025-06-08 13:43:22.710 [info] MessagesManager: '2 more lines; before #45  41 seconds ago\n'
2025-06-08 13:43:22.726 [info] MessagesManager: '13 changes; before #44  76 seconds ago\n'
2025-06-08 13:43:22.779 [info] MessagesManager: '1 more line; before #43  86 seconds ago\n'
2025-06-08 13:43:22.824 [info] MessagesManager: '1 more line; before #42  13:39:37\n'
2025-06-08 13:43:22.848 [info] MessagesManager: '1 change; before #41  13:39:31\n'
2025-06-08 13:43:22.887 [info] MessagesManager: '1 change; before #40  13:39:13\n'
2025-06-08 13:43:22.932 [info] MessagesManager: '1 change; before #39  13:39:12\n'
2025-06-08 13:43:22.972 [info] MessagesManager: '1 change; before #38  13:39:03\n'
2025-06-08 13:43:23.016 [info] MessagesManager: '2 more lines; before #37  13:37:21\n'
2025-06-08 13:43:23.061 [info] MessagesManager: '2 more lines; before #36  13:36:21\n'
2025-06-08 13:43:23.093 [info] MessagesManager: '3 changes; before #35  13:36:16\n'
2025-06-08 13:43:23.145 [info] MessagesManager: '2 fewer lines; before #34  13:36:14\n'
2025-06-08 13:43:23.190 [info] MessagesManager: '2 fewer lines; before #33  13:34:01\n'
2025-06-08 13:43:23.227 [info] MessagesManager: '2 more lines; before #32  13:33:54\n'
2025-06-08 13:43:23.270 [info] MessagesManager: '2 fewer lines; before #31  13:33:25\n'
2025-06-08 13:43:23.310 [info] MessagesManager: '2 more lines; before #29  13:33:17\n'
2025-06-08 13:43:23.349 [info] MessagesManager: '1 more line; before #28  13:33:14\n'
2025-06-08 13:43:23.390 [info] MessagesManager: '1 more line; before #27  13:33:13\n'
2025-06-08 13:43:23.442 [info] MessagesManager: '2 fewer lines; before #26  13:33:07\n'
2025-06-08 13:43:23.479 [info] MessagesManager: '1 more line; before #24  13:31:27\n'
2025-06-08 13:43:23.526 [info] MessagesManager: '2 fewer lines; before #23  13:31:24\n'
2025-06-08 13:43:23.573 [info] MessagesManager: '1 line less; before #22  13:31:20\n'
2025-06-08 13:43:23.609 [info] MessagesManager: '2 more lines; before #21  13:31:13\n'
2025-06-08 13:43:23.630 [info] MessagesManager: '2 changes; before #20  13:30:55\n'
2025-06-08 13:43:23.680 [info] MessagesManager: '4 fewer lines; before #19  13:26:56\n'
2025-06-08 13:43:23.724 [info] MessagesManager: '1 more line; before #18  13:26:31\n'
2025-06-08 13:43:23.760 [info] MessagesManager: '8 changes; before #17  13:26:01\n'
2025-06-08 13:43:23.801 [info] MessagesManager: '1 change; before #16  13:25:57\n'
2025-06-08 13:43:23.834 [info] MessagesManager: '1 change; before #15  13:25:55\n'
2025-06-08 13:43:23.896 [info] MessagesManager: '1 line less; before #14  13:25:52\n'
2025-06-08 13:43:23.933 [info] MessagesManager: '1 more line; before #13  13:25:50\n'
2025-06-08 13:43:23.962 [info] MessagesManager: '1 change; before #12  13:25:38\n'
2025-06-08 13:43:23.998 [info] MessagesManager: '1 change; before #11  13:25:27\n'
2025-06-08 13:43:24.059 [info] MessagesManager: '1 line less; before #10  13:25:24\n'
2025-06-08 13:43:24.080 [info] MessagesManager: '1 change; before #9  13:25:18\n'
2025-06-08 13:43:24.126 [info] MessagesManager: '1 more line; before #8  13:15:25\n'
2025-06-08 13:43:24.161 [info] MessagesManager: '1 change; before #7  13:15:04\n'
2025-06-08 13:43:24.222 [info] MessagesManager: '1 more line; before #6  13:14:59\n'
2025-06-08 13:43:24.247 [info] MessagesManager: '1 line less; before #5  13:14:20\n'
2025-06-08 13:43:24.295 [info] MessagesManager: '1 more line; before #4  13:14:17\n'
2025-06-08 13:43:24.336 [info] MessagesManager: '1 more line; before #3  13:13:50\n'
2025-06-08 13:43:24.396 [info] MessagesManager: '2 fewer lines; before #2  13:13:04\n'
2025-06-08 13:43:24.406 [info] MessagesManager: 'Already at oldest change\n'
2025-06-08 13:43:24.451 [info] MessagesManager: 'Already at oldest change\n'
2025-06-08 13:43:24.493 [info] MessagesManager: 'Already at oldest change\n'
2025-06-08 13:43:24.534 [info] MessagesManager: 'Already at oldest change\n'
2025-06-08 13:43:24.575 [info] MessagesManager: 'Already at oldest change\n'
2025-06-08 13:43:24.616 [info] MessagesManager: 'Already at oldest change\n'
2025-06-08 13:43:24.658 [info] MessagesManager: 'Already at oldest change\n'
2025-06-08 13:43:24.699 [info] MessagesManager: 'Already at oldest change\n'
2025-06-08 13:43:24.737 [info] MessagesManager: 'Already at oldest change\n'
2025-06-08 13:43:24.779 [info] MessagesManager: 'Already at oldest change\n'
2025-06-08 13:43:24.820 [info] MessagesManager: 'Already at oldest change\n'
2025-06-08 13:43:24.862 [info] MessagesManager: 'Already at oldest change\n'
2025-06-08 13:43:24.903 [info] MessagesManager: 'Already at oldest change\n'
2025-06-08 13:43:24.946 [info] MessagesManager: 'Already at oldest change\n'
2025-06-08 13:43:24.988 [info] MessagesManager: 'Already at oldest change\n'
2025-06-08 13:43:25.032 [info] MessagesManager: 'Already at oldest change\n'
2025-06-08 13:43:25.071 [info] MessagesManager: 'Already at oldest change\n'
2025-06-08 13:43:25.109 [info] MessagesManager: 'Already at oldest change\n'
2025-06-08 13:43:25.151 [info] MessagesManager: 'Already at oldest change\n'
2025-06-08 13:43:25.194 [info] MessagesManager: 'Already at oldest change\n'
2025-06-08 13:43:25.235 [info] MessagesManager: 'Already at oldest change\n'
2025-06-08 13:43:25.277 [info] MessagesManager: 'Already at oldest change\n'
2025-06-08 13:43:25.318 [info] MessagesManager: 'Already at oldest change\n'
2025-06-08 13:48:13.186 [info] MessagesManager: '2 more lines; before #48  21 seconds ago\n'
2025-06-08 13:48:13.777 [info] MessagesManager: '3 fewer lines; before #47  90 seconds ago\n'
2025-06-08 13:48:13.807 [info] MessagesManager: 'Already at oldest change\n'
2025-06-08 13:48:13.849 [info] MessagesManager: 'Already at oldest change\n'
2025-06-08 13:48:13.891 [info] MessagesManager: 'Already at oldest change\n'
2025-06-08 13:48:13.932 [info] MessagesManager: 'Already at oldest change\n'
2025-06-08 13:48:13.974 [info] MessagesManager: 'Already at oldest change\n'
2025-06-08 13:48:14.015 [info] MessagesManager: 'Already at oldest change\n'
2025-06-08 13:48:14.057 [info] MessagesManager: 'Already at oldest change\n'
2025-06-08 13:48:14.109 [info] MessagesManager: 'Already at oldest change\n'
2025-06-08 13:48:14.139 [info] MessagesManager: 'Already at oldest change\n'
2025-06-08 13:48:14.180 [info] MessagesManager: 'Already at oldest change\n'
2025-06-08 13:48:14.223 [info] MessagesManager: 'Already at oldest change\n'
2025-06-08 13:48:14.265 [info] MessagesManager: 'Already at oldest change\n'
2025-06-08 13:48:14.305 [info] MessagesManager: 'Already at oldest change\n'
2025-06-08 13:48:14.348 [info] MessagesManager: 'Already at oldest change\n'
2025-06-08 13:48:14.391 [info] MessagesManager: 'Already at oldest change\n'
2025-06-08 13:48:14.433 [info] MessagesManager: 'Already at oldest change\n'
2025-06-08 13:48:14.475 [info] MessagesManager: 'Already at oldest change\n'
2025-06-08 13:48:14.513 [info] MessagesManager: 'Already at oldest change\n'
2025-06-08 14:19:00.700 [info] MessagesManager: '5 lines yanked\n'
2025-06-08 14:19:02.548 [info] MessagesManager: '4 more lines\n'
