2025-06-05 12:11:57.896 [info] [main] Log level: Info
2025-06-05 12:11:57.896 [info] [main] Validating found git in: "git"
2025-06-05 12:11:57.896 [info] [main] Using git "2.49.0" from "git"
2025-06-05 12:11:57.896 [info] [Model][doInitialScan] Initial repository scan started
2025-06-05 12:11:57.896 [info] > git rev-parse --show-toplevel [50ms]
2025-06-05 12:11:57.896 [info] > git rev-parse --git-dir --git-common-dir [270ms]
2025-06-05 12:11:57.896 [info] [Model][openRepository] Opened repository (path): /home/sterben/projects/totalvideo_management
2025-06-05 12:11:57.896 [info] [Model][openRepository] Opened repository (real path): /home/sterben/projects/totalvideo_management
2025-06-05 12:11:57.896 [info] > git rev-parse --show-toplevel [21ms]
2025-06-05 12:11:57.896 [info] > git config --get commit.template [24ms]
2025-06-05 12:11:57.906 [info] > git for-each-ref --format=%(refname)%00%(upstream:short)%00%(objectname)%00%(upstream:track)%00%(upstream:remotename)%00%(upstream:remoteref) refs/heads/main refs/remotes/main [10ms]
2025-06-05 12:11:57.906 [info] > git rev-parse --git-dir --git-common-dir [13ms]
2025-06-05 12:11:57.912 [info] [Model][openRepository] Opened repository (path): /home/sterben/projects/totalvideo_auth
2025-06-05 12:11:57.912 [info] [Model][openRepository] Opened repository (real path): /home/sterben/projects/totalvideo_auth
2025-06-05 12:11:57.957 [warning] [Git][revParse] Unable to read file: ENOENT: no such file or directory, open '/home/sterben/projects/totalvideo_management/.git/refs/remotes/origin/main'
2025-06-05 12:11:57.977 [info] > git rev-parse --show-toplevel [15ms]
2025-06-05 12:11:57.977 [info] > git config --get commit.template [17ms]
2025-06-05 12:11:57.977 [info] > git rev-parse refs/remotes/origin/main [20ms]
2025-06-05 12:11:57.996 [info] > git status -z -uall [15ms]
2025-06-05 12:11:58.003 [info] > git rev-parse --git-dir --git-common-dir [7ms]
2025-06-05 12:11:58.008 [info] [Model][openRepository] Opened repository (path): /home/sterben/projects/totalvideo_cdn_manager
2025-06-05 12:11:58.008 [info] [Model][openRepository] Opened repository (real path): /home/sterben/projects/totalvideo_cdn_manager
2025-06-05 12:11:58.009 [info] > git for-each-ref --sort -committerdate --format %(refname)%00%(objectname)%00%(*objectname) [24ms]
2025-06-05 12:11:58.256 [info] > git for-each-ref --format=%(refname)%00%(upstream:short)%00%(objectname)%00%(upstream:track)%00%(upstream:remotename)%00%(upstream:remoteref) refs/heads/main refs/remotes/main [236ms]
2025-06-05 12:11:58.260 [info] > git for-each-ref --format=%(refname)%00%(upstream:short)%00%(objectname)%00%(upstream:track)%00%(upstream:remotename)%00%(upstream:remoteref) refs/heads/main refs/remotes/main [260ms]
2025-06-05 12:11:58.324 [warning] [Git][revParse] Unable to read file: ENOENT: no such file or directory, open '/home/sterben/projects/totalvideo_auth/.git/refs/remotes/origin/main'
2025-06-05 12:11:58.344 [info] > git config --get --local branch.main.vscode-merge-base [84ms]
2025-06-05 12:11:58.347 [info] > git config --get commit.template [97ms]
2025-06-05 12:11:58.347 [info] > git rev-parse --show-toplevel [99ms]
2025-06-05 12:11:58.347 [info] > git config --get commit.template [102ms]
2025-06-05 12:11:58.362 [info] > git for-each-ref --format=%(refname)%00%(upstream:short)%00%(objectname)%00%(upstream:track)%00%(upstream:remotename)%00%(upstream:remoteref) refs/heads/origin/main refs/remotes/origin/main [15ms]
2025-06-05 12:11:58.367 [info] > git rev-parse refs/remotes/origin/main [43ms]
2025-06-05 12:11:58.397 [info] > git status -z -uall [27ms]
2025-06-05 12:11:58.400 [info] > git for-each-ref --sort -committerdate --format %(refname)%00%(objectname)%00%(*objectname) [27ms]
2025-06-05 12:11:58.407 [info] > git merge-base refs/heads/main refs/remotes/origin/main [41ms]
2025-06-05 12:11:58.411 [info] > git rev-parse --git-dir --git-common-dir [50ms]
2025-06-05 12:11:58.416 [info] [Model][openRepository] Opened repository (path): /home/sterben/projects/core-microservice
2025-06-05 12:11:58.416 [info] [Model][openRepository] Opened repository (real path): /home/sterben/projects/core-microservice
2025-06-05 12:11:58.428 [info] > git diff --name-status -z --diff-filter=ADMR 5ce1582bdac77748a50e71d76c439bdff96baea8...refs/remotes/origin/main [17ms]
2025-06-05 12:11:58.429 [info] > git for-each-ref --format=%(refname)%00%(upstream:short)%00%(objectname)%00%(upstream:track)%00%(upstream:remotename)%00%(upstream:remoteref) refs/heads/main refs/remotes/main [24ms]
2025-06-05 12:11:58.435 [info] > git for-each-ref --format=%(refname)%00%(upstream:short)%00%(objectname)%00%(upstream:track)%00%(upstream:remotename)%00%(upstream:remoteref) refs/heads/main refs/remotes/main [39ms]
2025-06-05 12:11:58.435 [info] > git for-each-ref --format=%(refname)%00%(upstream:short)%00%(objectname)%00%(upstream:track)%00%(upstream:remotename)%00%(upstream:remoteref) refs/heads/main refs/remotes/main [42ms]
2025-06-05 12:11:58.461 [warning] [Git][revParse] Unable to read file: ENOENT: no such file or directory, open '/home/sterben/projects/totalvideo_management/.git/refs/remotes/origin/main'
2025-06-05 12:11:58.464 [warning] [Git][revParse] Unable to read file: ENOENT: no such file or directory, open '/home/sterben/projects/totalvideo_cdn_manager/.git/refs/remotes/origin/main'
2025-06-05 12:11:58.468 [info] > git config --get --local branch.main.vscode-merge-base [36ms]
2025-06-05 12:11:58.471 [info] > git rev-parse --show-toplevel [43ms]
2025-06-05 12:11:58.471 [info] > git config --get commit.template [46ms]
2025-06-05 12:11:58.471 [info] > git config --get commit.template [49ms]
2025-06-05 12:11:58.493 [info] > git for-each-ref --format=%(refname)%00%(upstream:short)%00%(objectname)%00%(upstream:track)%00%(upstream:remotename)%00%(upstream:remoteref) refs/heads/origin/main refs/remotes/origin/main [22ms]
2025-06-05 12:11:58.496 [info] > git rev-parse refs/remotes/origin/main [32ms]
2025-06-05 12:11:58.502 [info] > git rev-parse refs/remotes/origin/main [41ms]
2025-06-05 12:11:58.513 [info] > git status -z -uall [14ms]
2025-06-05 12:11:58.513 [info] > git status -z -uall [9ms]
2025-06-05 12:11:58.513 [info] > git for-each-ref --sort -committerdate --format %(refname)%00%(objectname)%00%(*objectname) [6ms]
2025-06-05 12:11:58.514 [info] > git for-each-ref --sort -committerdate --format %(refname)%00%(objectname)%00%(*objectname) [12ms]
2025-06-05 12:11:58.519 [info] > git merge-base refs/heads/main refs/remotes/origin/main [23ms]
2025-06-05 12:11:58.522 [info] > git rev-parse --git-dir --git-common-dir [30ms]
2025-06-05 12:11:58.528 [info] [Model][openRepository] Opened repository (path): /home/sterben/projects/sqlalchemy-utils
2025-06-05 12:11:58.528 [info] [Model][openRepository] Opened repository (real path): /home/sterben/projects/sqlalchemy-utils
2025-06-05 12:11:58.592 [info] > git diff --name-status -z --diff-filter=ADMR deaeaa35b3e5e5a9495d00738ca28b51492f9a41...refs/remotes/origin/main [70ms]
2025-06-05 12:11:58.592 [info] > git for-each-ref --format=%(refname)%00%(upstream:short)%00%(objectname)%00%(upstream:track)%00%(upstream:remotename)%00%(upstream:remoteref) refs/heads/main refs/remotes/main [74ms]
2025-06-05 12:11:58.595 [info] > git for-each-ref --format=%(refname)%00%(upstream:short)%00%(objectname)%00%(upstream:track)%00%(upstream:remotename)%00%(upstream:remoteref) refs/heads/main refs/remotes/main [82ms]
2025-06-05 12:11:58.595 [info] > git for-each-ref --format=%(refname)%00%(upstream:short)%00%(objectname)%00%(upstream:track)%00%(upstream:remotename)%00%(upstream:remoteref) refs/heads/main refs/remotes/main [85ms]
2025-06-05 12:11:58.595 [info] > git fetch [572ms]
2025-06-05 12:11:58.596 [info] > git fetch [684ms]
2025-06-05 12:11:58.602 [warning] [Git][revParse] Unable to read file: ENOENT: no such file or directory, open '/home/sterben/projects/core-microservice/.git/refs/remotes/origin/main'
2025-06-05 12:11:58.605 [warning] [Git][revParse] Unable to read file: ENOENT: no such file or directory, open '/home/sterben/projects/totalvideo_auth/.git/refs/remotes/origin/main'
2025-06-05 12:11:58.611 [info] > git config --get --local branch.main.vscode-merge-base [16ms]
2025-06-05 12:11:58.614 [info] > git rev-parse --show-toplevel [23ms]
2025-06-05 12:11:58.614 [info] > git config --get commit.template [25ms]
2025-06-05 12:11:58.614 [info] > git config --get commit.template [28ms]
2025-06-05 12:11:58.638 [info] > git config --get commit.template [27ms]
2025-06-05 12:11:58.638 [info] > git config --get commit.template [30ms]
2025-06-05 12:11:58.638 [info] > git rev-parse refs/remotes/origin/main [33ms]
2025-06-05 12:11:58.639 [info] > git rev-parse refs/remotes/origin/main [37ms]
2025-06-05 12:11:58.651 [info] > git status -z -uall [9ms]
2025-06-05 12:11:58.652 [info] > git rev-parse --show-toplevel [15ms]
2025-06-05 12:11:58.653 [info] > git for-each-ref --format=%(refname)%00%(upstream:short)%00%(objectname)%00%(upstream:track)%00%(upstream:remotename)%00%(upstream:remoteref) refs/heads/origin/main refs/remotes/origin/main [39ms]
2025-06-05 12:11:58.666 [info] > git for-each-ref --format=%(refname)%00%(upstream:short)%00%(objectname)%00%(upstream:track)%00%(upstream:remotename)%00%(upstream:remoteref) refs/heads/main refs/remotes/main [15ms]
2025-06-05 12:11:58.666 [info] > git for-each-ref --format=%(refname)%00%(upstream:short)%00%(objectname)%00%(upstream:track)%00%(upstream:remotename)%00%(upstream:remoteref) refs/heads/main refs/remotes/main [18ms]
2025-06-05 12:11:58.667 [info] > git fetch [658ms]
2025-06-05 12:11:58.667 [info] > git for-each-ref --sort -committerdate --format %(refname)%00%(objectname)%00%(*objectname) [22ms]
2025-06-05 12:11:58.682 [warning] [Git][revParse] Unable to read file: ENOENT: no such file or directory, open '/home/sterben/projects/sqlalchemy-utils/.git/refs/remotes/origin/main'
2025-06-05 12:11:58.685 [warning] [Git][revParse] Unable to read file: ENOENT: no such file or directory, open '/home/sterben/projects/totalvideo_cdn_manager/.git/refs/remotes/origin/main'
2025-06-05 12:11:58.691 [info] > git for-each-ref --format=%(refname)%00%(upstream:short)%00%(objectname)%00%(upstream:track)%00%(upstream:remotename)%00%(upstream:remoteref) refs/heads/main refs/remotes/main [20ms]
2025-06-05 12:11:58.694 [info] > git rev-parse --show-toplevel [28ms]
2025-06-05 12:11:58.694 [info] > git for-each-ref --format=%(refname)%00%(upstream:short)%00%(objectname)%00%(upstream:track)%00%(upstream:remotename)%00%(upstream:remoteref) refs/heads/main refs/remotes/main [31ms]
2025-06-05 12:11:58.694 [info] > git for-each-ref --format=%(refname)%00%(upstream:short)%00%(objectname)%00%(upstream:track)%00%(upstream:remotename)%00%(upstream:remoteref) refs/heads/main refs/remotes/main [34ms]
2025-06-05 12:11:58.694 [info] > git merge-base refs/heads/main refs/remotes/origin/main [37ms]
2025-06-05 12:11:58.703 [warning] [Git][revParse] Unable to read file: ENOENT: no such file or directory, open '/home/sterben/projects/totalvideo_management/.git/refs/remotes/origin/main'
2025-06-05 12:11:58.706 [warning] [Git][revParse] Unable to read file: ENOENT: no such file or directory, open '/home/sterben/projects/totalvideo_auth/.git/refs/remotes/origin/main'
2025-06-05 12:11:58.706 [info] > git diff --name-status -z --diff-filter=ADMR e9598d8c7fd3ad48ecf6d74ca0e96619a35e4b62...refs/remotes/origin/main [9ms]
2025-06-05 12:11:58.707 [info] > git config --get --local branch.main.vscode-merge-base [13ms]
2025-06-05 12:11:58.709 [info] > git config --get commit.template [19ms]
2025-06-05 12:11:58.709 [info] > git config --get commit.template [21ms]
2025-06-05 12:11:58.709 [info] > git rev-parse refs/remotes/origin/main [24ms]
2025-06-05 12:11:58.710 [info] > git rev-parse refs/remotes/origin/main [28ms]
2025-06-05 12:11:58.716 [info] > git status -z -uall [3ms]
2025-06-05 12:11:58.716 [info] > git for-each-ref --format=%(refname)%00%(upstream:short)%00%(objectname)%00%(upstream:track)%00%(upstream:remotename)%00%(upstream:remoteref) refs/heads/origin/main refs/remotes/origin/main [7ms]
2025-06-05 12:11:58.720 [info] > git rev-parse refs/remotes/origin/main [14ms]
2025-06-05 12:11:58.725 [info] > git rev-parse refs/remotes/origin/main [22ms]
2025-06-05 12:11:58.731 [info] > git rev-parse --show-toplevel [30ms]
2025-06-05 12:11:58.740 [info] > git status -z -uall [18ms]
2025-06-05 12:11:58.740 [info] > git status -z -uall [12ms]
2025-06-05 12:11:58.741 [info] > git for-each-ref --sort -committerdate --format %(refname)%00%(objectname)%00%(*objectname) [16ms]
2025-06-05 12:11:58.742 [info] > git merge-base refs/heads/main refs/remotes/origin/main [23ms]
2025-06-05 12:11:58.745 [info] > git for-each-ref --sort -committerdate --format %(refname)%00%(objectname)%00%(*objectname) [29ms]
2025-06-05 12:11:58.755 [info] > git for-each-ref --format=%(refname)%00%(upstream:short)%00%(objectname)%00%(upstream:track)%00%(upstream:remotename)%00%(upstream:remoteref) refs/heads/main refs/remotes/main [6ms]
2025-06-05 12:11:58.758 [info] > git diff --name-status -z --diff-filter=ADMR 058467519585a77f3601646f40323ae6f1848ccf...refs/remotes/origin/main [13ms]
2025-06-05 12:11:58.758 [info] > git rev-parse --show-toplevel [18ms]
2025-06-05 12:11:58.758 [info] > git for-each-ref --format=%(refname)%00%(upstream:short)%00%(objectname)%00%(upstream:track)%00%(upstream:remotename)%00%(upstream:remoteref) refs/heads/main refs/remotes/main [21ms]
2025-06-05 12:11:58.758 [info] > git for-each-ref --format=%(refname)%00%(upstream:short)%00%(objectname)%00%(upstream:track)%00%(upstream:remotename)%00%(upstream:remoteref) refs/heads/main refs/remotes/main [24ms]
2025-06-05 12:11:58.758 [info] > git for-each-ref --sort -committerdate --format %(refname)%00%(objectname)%00%(*objectname) [27ms]
2025-06-05 12:11:58.768 [warning] [Git][revParse] Unable to read file: ENOENT: no such file or directory, open '/home/sterben/projects/core-microservice/.git/refs/remotes/origin/main'
2025-06-05 12:11:58.772 [warning] [Git][revParse] Unable to read file: ENOENT: no such file or directory, open '/home/sterben/projects/totalvideo_cdn_manager/.git/refs/remotes/origin/main'
2025-06-05 12:11:58.772 [info] > git config --get --local branch.main.vscode-merge-base [14ms]
2025-06-05 12:11:58.776 [info] > git config --get commit.template [21ms]
2025-06-05 12:11:58.777 [info] > git for-each-ref --format=%(refname)%00%(upstream:short)%00%(objectname)%00%(upstream:track)%00%(upstream:remotename)%00%(upstream:remoteref) refs/heads/origin/main refs/remotes/origin/main [1ms]
2025-06-05 12:11:58.782 [info] > git rev-parse refs/remotes/origin/main [9ms]
2025-06-05 12:11:58.788 [info] > git rev-parse refs/remotes/origin/main [20ms]
2025-06-05 12:11:58.795 [info] > git rev-parse --show-toplevel [30ms]
2025-06-05 12:11:58.804 [info] > git status -z -uall [19ms]
2025-06-05 12:11:58.804 [info] > git status -z -uall [13ms]
2025-06-05 12:11:58.804 [info] > git for-each-ref --sort -committerdate --format %(refname)%00%(objectname)%00%(*objectname) [9ms]
2025-06-05 12:11:58.805 [info] > git for-each-ref --sort -committerdate --format %(refname)%00%(objectname)%00%(*objectname) [17ms]
2025-06-05 12:11:58.806 [info] > git merge-base refs/heads/main refs/remotes/origin/main [25ms]
2025-06-05 12:11:58.814 [info] > git diff --name-status -z --diff-filter=ADMR b643c80f77087d8c9921de0aae9b366887301abf...refs/remotes/origin/main [5ms]
2025-06-05 12:11:58.814 [info] > git rev-parse --show-toplevel [10ms]
2025-06-05 12:11:58.814 [info] > git for-each-ref --format=%(refname)%00%(upstream:short)%00%(objectname)%00%(upstream:track)%00%(upstream:remotename)%00%(upstream:remoteref) refs/heads/main refs/remotes/main [14ms]
2025-06-05 12:11:58.822 [warning] [Git][revParse] Unable to read file: ENOENT: no such file or directory, open '/home/sterben/projects/sqlalchemy-utils/.git/refs/remotes/origin/main'
2025-06-05 12:11:58.822 [info] > git rev-parse --show-toplevel [3ms]
2025-06-05 12:11:58.822 [info] > git rev-parse refs/remotes/origin/main [0ms]
2025-06-05 12:11:58.831 [info] > git status -z -uall [6ms]
2025-06-05 12:11:58.831 [info] > git for-each-ref --sort -committerdate --format %(refname)%00%(objectname)%00%(*objectname) [3ms]
2025-06-05 12:11:58.832 [info] > git rev-parse --show-toplevel [2ms]
2025-06-05 12:11:58.832 [info] [Model][doInitialScan] Initial repository scan completed - repositories (5), closed repositories (0), parent repositories (0), unsafe repositories (0)
2025-06-05 12:11:59.149 [info] > git check-ignore -v -z --stdin [37ms]
2025-06-05 12:11:59.150 [info] > git check-ignore -v -z --stdin [30ms]
2025-06-05 12:11:59.151 [info] > git check-ignore -v -z --stdin [22ms]
2025-06-05 12:11:59.152 [info] > git check-ignore -v -z --stdin [17ms]
2025-06-05 12:11:59.152 [info] > git check-ignore -v -z --stdin [6ms]
2025-06-05 12:11:59.153 [info] > git fetch [625ms]
2025-06-05 12:11:59.154 [info] > git fetch [738ms]
2025-06-05 12:11:59.169 [info] > git config --get commit.template [7ms]
2025-06-05 12:11:59.169 [info] > git config --get commit.template [1ms]
2025-06-05 12:11:59.181 [info] > git for-each-ref --format=%(refname)%00%(upstream:short)%00%(objectname)%00%(upstream:track)%00%(upstream:remotename)%00%(upstream:remoteref) refs/heads/main refs/remotes/main [3ms]
2025-06-05 12:11:59.181 [info] > git for-each-ref --format=%(refname)%00%(upstream:short)%00%(objectname)%00%(upstream:track)%00%(upstream:remotename)%00%(upstream:remoteref) refs/heads/main refs/remotes/main [8ms]
2025-06-05 12:11:59.184 [warning] [Git][revParse] Unable to read file: ENOENT: no such file or directory, open '/home/sterben/projects/core-microservice/.git/refs/remotes/origin/main'
2025-06-05 12:11:59.187 [warning] [Git][revParse] Unable to read file: ENOENT: no such file or directory, open '/home/sterben/projects/sqlalchemy-utils/.git/refs/remotes/origin/main'
2025-06-05 12:11:59.187 [info] > git rev-parse refs/remotes/origin/main [3ms]
2025-06-05 12:11:59.194 [info] > git status -z -uall [4ms]
2025-06-05 12:11:59.194 [info] > git rev-parse refs/remotes/origin/main [7ms]
2025-06-05 12:11:59.200 [info] > git status -z -uall [3ms]
2025-06-05 12:11:59.201 [info] > git for-each-ref --sort -committerdate --format %(refname)%00%(objectname)%00%(*objectname) [8ms]
2025-06-05 12:11:59.202 [info] > git for-each-ref --sort -committerdate --format %(refname)%00%(objectname)%00%(*objectname) [2ms]
2025-06-05 12:12:00.233 [info] > git config --get commit.template [9ms]
2025-06-05 12:12:00.233 [info] > git config --get commit.template [0ms]
2025-06-05 12:12:00.253 [info] > git for-each-ref --format=%(refname)%00%(upstream:short)%00%(objectname)%00%(upstream:track)%00%(upstream:remotename)%00%(upstream:remoteref) refs/heads/main refs/remotes/main [10ms]
2025-06-05 12:12:00.260 [warning] [Git][revParse] Unable to read file: ENOENT: no such file or directory, open '/home/sterben/projects/sqlalchemy-utils/.git/refs/remotes/origin/main'
2025-06-05 12:12:00.261 [info] > git for-each-ref --format=%(refname)%00%(upstream:short)%00%(objectname)%00%(upstream:track)%00%(upstream:remotename)%00%(upstream:remoteref) refs/heads/main refs/remotes/main [9ms]
2025-06-05 12:12:00.273 [warning] [Git][revParse] Unable to read file: ENOENT: no such file or directory, open '/home/sterben/projects/core-microservice/.git/refs/remotes/origin/main'
2025-06-05 12:12:00.274 [info] > git rev-parse refs/remotes/origin/main [14ms]
2025-06-05 12:12:00.297 [info] > git status -z -uall [12ms]
2025-06-05 12:12:00.297 [info] > git rev-parse refs/remotes/origin/main [24ms]
2025-06-05 12:12:00.311 [info] > git status -z -uall [6ms]
2025-06-05 12:12:00.311 [info] > git for-each-ref --sort -committerdate --format %(refname)%00%(objectname)%00%(*objectname) [15ms]
2025-06-05 12:12:00.313 [info] > git for-each-ref --sort -committerdate --format %(refname)%00%(objectname)%00%(*objectname) [3ms]
2025-06-05 12:12:07.134 [info] > git check-ignore -v -z --stdin [3ms]
2025-06-05 12:12:07.134 [info] > git config --get commit.template [9ms]
2025-06-05 12:12:07.135 [info] > git for-each-ref --format=%(refname)%00%(upstream:short)%00%(objectname)%00%(upstream:track)%00%(upstream:remotename)%00%(upstream:remoteref) refs/heads/main refs/remotes/main [1ms]
2025-06-05 12:12:07.139 [warning] [Git][revParse] Unable to read file: ENOENT: no such file or directory, open '/home/sterben/projects/totalvideo_management/.git/refs/remotes/origin/main'
2025-06-05 12:12:07.140 [info] > git rev-parse refs/remotes/origin/main [1ms]
2025-06-05 12:12:07.147 [info] > git for-each-ref --sort -committerdate --format %(refname)%00%(objectname)%00%(*objectname) [1ms]
2025-06-05 12:12:07.151 [info] > git status -z -uall [8ms]
2025-06-05 12:12:12.180 [info] > git config --get commit.template [15ms]
2025-06-05 12:12:12.182 [info] > git for-each-ref --format=%(refname)%00%(upstream:short)%00%(objectname)%00%(upstream:track)%00%(upstream:remotename)%00%(upstream:remoteref) refs/heads/main refs/remotes/main [3ms]
2025-06-05 12:12:12.190 [warning] [Git][revParse] Unable to read file: ENOENT: no such file or directory, open '/home/sterben/projects/totalvideo_management/.git/refs/remotes/origin/main'
2025-06-05 12:12:12.192 [info] > git rev-parse refs/remotes/origin/main [1ms]
2025-06-05 12:12:12.209 [info] > git status -z -uall [9ms]
2025-06-05 12:12:12.209 [info] > git for-each-ref --sort -committerdate --format %(refname)%00%(objectname)%00%(*objectname) [2ms]
2025-06-05 12:14:18.032 [info] > git config --get commit.template [4ms]
2025-06-05 12:14:18.032 [info] > git for-each-ref --format=%(refname)%00%(upstream:short)%00%(objectname)%00%(upstream:track)%00%(upstream:remotename)%00%(upstream:remoteref) refs/heads/main refs/remotes/main [1ms]
2025-06-05 12:14:18.036 [warning] [Git][revParse] Unable to read file: ENOENT: no such file or directory, open '/home/sterben/projects/totalvideo_management/.git/refs/remotes/origin/main'
2025-06-05 12:14:18.037 [info] > git rev-parse refs/remotes/origin/main [1ms]
2025-06-05 12:14:18.049 [info] > git for-each-ref --sort -committerdate --format %(refname)%00%(objectname)%00%(*objectname) [2ms]
2025-06-05 12:14:18.050 [info] > git status -z -uall [8ms]
2025-06-05 12:14:18.651 [info] > git check-ignore -v -z --stdin [4ms]
2025-06-05 12:14:23.077 [info] > git config --get commit.template [9ms]
2025-06-05 12:14:23.079 [info] > git for-each-ref --format=%(refname)%00%(upstream:short)%00%(objectname)%00%(upstream:track)%00%(upstream:remotename)%00%(upstream:remoteref) refs/heads/main refs/remotes/main [4ms]
2025-06-05 12:14:23.084 [warning] [Git][revParse] Unable to read file: ENOENT: no such file or directory, open '/home/sterben/projects/totalvideo_management/.git/refs/remotes/origin/main'
2025-06-05 12:14:23.085 [info] > git rev-parse refs/remotes/origin/main [1ms]
2025-06-05 12:14:23.096 [info] > git status -z -uall [6ms]
2025-06-05 12:14:23.097 [info] > git for-each-ref --sort -committerdate --format %(refname)%00%(objectname)%00%(*objectname) [2ms]
2025-06-05 12:14:28.407 [info] > git config --get commit.template [1ms]
2025-06-05 12:14:28.413 [info] > git for-each-ref --format=%(refname)%00%(upstream:short)%00%(objectname)%00%(upstream:track)%00%(upstream:remotename)%00%(upstream:remoteref) refs/heads/main refs/remotes/main [1ms]
2025-06-05 12:14:28.417 [warning] [Git][revParse] Unable to read file: ENOENT: no such file or directory, open '/home/sterben/projects/totalvideo_management/.git/refs/remotes/origin/main'
2025-06-05 12:14:28.418 [info] > git rev-parse refs/remotes/origin/main [1ms]
2025-06-05 12:14:28.425 [info] > git status -z -uall [4ms]
2025-06-05 12:14:28.426 [info] > git for-each-ref --sort -committerdate --format %(refname)%00%(objectname)%00%(*objectname) [1ms]
2025-06-05 12:14:33.433 [info] > git config --get commit.template [1ms]
2025-06-05 12:14:33.438 [info] > git for-each-ref --format=%(refname)%00%(upstream:short)%00%(objectname)%00%(upstream:track)%00%(upstream:remotename)%00%(upstream:remoteref) refs/heads/main refs/remotes/main [1ms]
2025-06-05 12:14:33.442 [warning] [Git][revParse] Unable to read file: ENOENT: no such file or directory, open '/home/sterben/projects/totalvideo_management/.git/refs/remotes/origin/main'
2025-06-05 12:14:33.442 [info] > git rev-parse refs/remotes/origin/main [0ms]
2025-06-05 12:14:33.449 [info] > git status -z -uall [3ms]
2025-06-05 12:14:33.450 [info] > git for-each-ref --sort -committerdate --format %(refname)%00%(objectname)%00%(*objectname) [1ms]
2025-06-05 12:15:12.697 [info] > git config --get commit.template [2ms]
2025-06-05 12:15:12.701 [info] > git for-each-ref --format=%(refname)%00%(upstream:short)%00%(objectname)%00%(upstream:track)%00%(upstream:remotename)%00%(upstream:remoteref) refs/heads/main refs/remotes/main [1ms]
2025-06-05 12:15:12.705 [warning] [Git][revParse] Unable to read file: ENOENT: no such file or directory, open '/home/sterben/projects/totalvideo_management/.git/refs/remotes/origin/main'
2025-06-05 12:15:12.706 [info] > git rev-parse refs/remotes/origin/main [0ms]
2025-06-05 12:15:12.713 [info] > git for-each-ref --sort -committerdate --format %(refname)%00%(objectname)%00%(*objectname) [1ms]
2025-06-05 12:15:12.714 [info] > git status -z -uall [5ms]
2025-06-05 12:15:13.236 [info] > git fetch [545ms]
2025-06-05 12:15:13.271 [info] > git for-each-ref --format=%(refname)%00%(upstream:short)%00%(objectname)%00%(upstream:track)%00%(upstream:remotename)%00%(upstream:remoteref) refs/heads/main refs/remotes/main [7ms]
2025-06-05 12:15:13.271 [info] > git fetch [597ms]
2025-06-05 12:15:13.272 [info] > git fetch [591ms]
2025-06-05 12:15:13.273 [info] > git config --get commit.template [24ms]
2025-06-05 12:15:13.273 [info] > git fetch [596ms]
2025-06-05 12:15:13.282 [warning] [Git][revParse] Unable to read file: ENOENT: no such file or directory, open '/home/sterben/projects/sqlalchemy-utils/.git/refs/remotes/origin/main'
2025-06-05 12:15:13.312 [info] > git fetch [626ms]
2025-06-05 12:15:13.323 [info] > git config --get commit.template [25ms]
2025-06-05 12:15:13.323 [info] > git config --get commit.template [34ms]
2025-06-05 12:15:13.323 [info] > git rev-parse refs/remotes/origin/main [41ms]
2025-06-05 12:15:13.344 [info] > git status -z -uall [12ms]
2025-06-05 12:15:13.344 [info] > git config --get commit.template [22ms]
2025-06-05 12:15:13.345 [info] > git config --get commit.template [33ms]
2025-06-05 12:15:13.367 [info] > git for-each-ref --sort -committerdate --format %(refname)%00%(objectname)%00%(*objectname) [26ms]
2025-06-05 12:15:13.373 [info] > git for-each-ref --format=%(refname)%00%(upstream:short)%00%(objectname)%00%(upstream:track)%00%(upstream:remotename)%00%(upstream:remoteref) refs/heads/main refs/remotes/main [6ms]
2025-06-05 12:15:13.373 [info] > git for-each-ref --format=%(refname)%00%(upstream:short)%00%(objectname)%00%(upstream:track)%00%(upstream:remotename)%00%(upstream:remoteref) refs/heads/main refs/remotes/main [12ms]
2025-06-05 12:15:13.373 [info] > git for-each-ref --format=%(refname)%00%(upstream:short)%00%(objectname)%00%(upstream:track)%00%(upstream:remotename)%00%(upstream:remoteref) refs/heads/main refs/remotes/main [19ms]
2025-06-05 12:15:13.379 [warning] [Git][revParse] Unable to read file: ENOENT: no such file or directory, open '/home/sterben/projects/totalvideo_management/.git/refs/remotes/origin/main'
2025-06-05 12:15:13.383 [warning] [Git][revParse] Unable to read file: ENOENT: no such file or directory, open '/home/sterben/projects/totalvideo_cdn_manager/.git/refs/remotes/origin/main'
2025-06-05 12:15:13.390 [warning] [Git][revParse] Unable to read file: ENOENT: no such file or directory, open '/home/sterben/projects/totalvideo_auth/.git/refs/remotes/origin/main'
2025-06-05 12:15:13.392 [info] > git rev-parse refs/remotes/origin/main [9ms]
2025-06-05 12:15:13.411 [info] > git rev-parse refs/remotes/origin/main [33ms]
2025-06-05 12:15:13.426 [info] > git for-each-ref --format=%(refname)%00%(upstream:short)%00%(objectname)%00%(upstream:track)%00%(upstream:remotename)%00%(upstream:remoteref) refs/heads/main refs/remotes/main [54ms]
2025-06-05 12:15:13.434 [warning] [Git][revParse] Unable to read file: ENOENT: no such file or directory, open '/home/sterben/projects/core-microservice/.git/refs/remotes/origin/main'
2025-06-05 12:15:13.434 [info] > git status -z -uall [32ms]
2025-06-05 12:15:13.435 [info] > git status -z -uall [16ms]
2025-06-05 12:15:13.435 [info] > git for-each-ref --sort -committerdate --format %(refname)%00%(objectname)%00%(*objectname) [24ms]
2025-06-05 12:15:13.437 [info] > git rev-parse refs/remotes/origin/main [47ms]
2025-06-05 12:15:13.445 [info] > git status -z -uall [3ms]
2025-06-05 12:15:13.446 [info] > git rev-parse refs/remotes/origin/main [12ms]
2025-06-05 12:15:13.459 [info] > git for-each-ref --sort -committerdate --format %(refname)%00%(objectname)%00%(*objectname) [34ms]
2025-06-05 12:15:13.464 [info] > git status -z -uall [13ms]
2025-06-05 12:15:13.464 [info] > git for-each-ref --sort -committerdate --format %(refname)%00%(objectname)%00%(*objectname) [6ms]
2025-06-05 12:15:13.466 [info] > git for-each-ref --sort -committerdate --format %(refname)%00%(objectname)%00%(*objectname) [21ms]
2025-06-05 12:39:03.676 [info] > git fetch [594ms]
2025-06-05 12:39:03.693 [info] > git fetch [619ms]
2025-06-05 12:39:03.707 [info] > git fetch [619ms]
2025-06-05 12:39:03.719 [info] > git fetch [651ms]
2025-06-05 12:39:03.720 [info] > git config --get commit.template [26ms]
2025-06-05 12:39:03.733 [info] > git config --get commit.template [17ms]
2025-06-05 12:39:03.733 [info] > git fetch [639ms]
2025-06-05 12:39:03.734 [info] > git config --get commit.template [28ms]
2025-06-05 12:39:03.760 [info] > git config --get commit.template [28ms]
2025-06-05 12:39:03.761 [info] > git for-each-ref --format=%(refname)%00%(upstream:short)%00%(objectname)%00%(upstream:track)%00%(upstream:remotename)%00%(upstream:remoteref) refs/heads/main refs/remotes/main [34ms]
2025-06-05 12:39:03.777 [warning] [Git][revParse] Unable to read file: ENOENT: no such file or directory, open '/home/sterben/projects/totalvideo_management/.git/refs/remotes/origin/main'
2025-06-05 12:39:03.778 [info] > git for-each-ref --format=%(refname)%00%(upstream:short)%00%(objectname)%00%(upstream:track)%00%(upstream:remotename)%00%(upstream:remoteref) refs/heads/main refs/remotes/main [31ms]
2025-06-05 12:39:03.793 [warning] [Git][revParse] Unable to read file: ENOENT: no such file or directory, open '/home/sterben/projects/totalvideo_cdn_manager/.git/refs/remotes/origin/main'
2025-06-05 12:39:03.794 [info] > git for-each-ref --format=%(refname)%00%(upstream:short)%00%(objectname)%00%(upstream:track)%00%(upstream:remotename)%00%(upstream:remoteref) refs/heads/main refs/remotes/main [25ms]
2025-06-05 12:39:03.794 [info] > git config --get commit.template [35ms]
2025-06-05 12:39:03.806 [warning] [Git][revParse] Unable to read file: ENOENT: no such file or directory, open '/home/sterben/projects/core-microservice/.git/refs/remotes/origin/main'
2025-06-05 12:39:03.809 [info] > git rev-parse refs/remotes/origin/main [16ms]
2025-06-05 12:39:03.826 [info] > git for-each-ref --format=%(refname)%00%(upstream:short)%00%(objectname)%00%(upstream:track)%00%(upstream:remotename)%00%(upstream:remoteref) refs/heads/main refs/remotes/main [40ms]
2025-06-05 12:39:03.827 [info] > git rev-parse refs/remotes/origin/main [50ms]
2025-06-05 12:39:03.842 [warning] [Git][revParse] Unable to read file: ENOENT: no such file or directory, open '/home/sterben/projects/sqlalchemy-utils/.git/refs/remotes/origin/main'
2025-06-05 12:39:03.842 [info] > git status -z -uall [24ms]
2025-06-05 12:39:03.842 [info] > git status -z -uall [9ms]
2025-06-05 12:39:03.842 [info] > git for-each-ref --sort -committerdate --format %(refname)%00%(objectname)%00%(*objectname) [16ms]
2025-06-05 12:39:03.844 [info] > git rev-parse refs/remotes/origin/main [38ms]
2025-06-05 12:39:03.855 [info] > git for-each-ref --format=%(refname)%00%(upstream:short)%00%(objectname)%00%(upstream:track)%00%(upstream:remotename)%00%(upstream:remoteref) refs/heads/main refs/remotes/main [52ms]
2025-06-05 12:39:03.860 [warning] [Git][revParse] Unable to read file: ENOENT: no such file or directory, open '/home/sterben/projects/totalvideo_auth/.git/refs/remotes/origin/main'
2025-06-05 12:39:03.861 [info] > git status -z -uall [11ms]
2025-06-05 12:39:03.861 [info] > git for-each-ref --sort -committerdate --format %(refname)%00%(objectname)%00%(*objectname) [6ms]
2025-06-05 12:39:03.862 [info] > git rev-parse refs/remotes/origin/main [20ms]
2025-06-05 12:39:03.873 [info] > git for-each-ref --sort -committerdate --format %(refname)%00%(objectname)%00%(*objectname) [36ms]
2025-06-05 12:39:03.875 [info] > git status -z -uall [8ms]
2025-06-05 12:39:03.875 [info] > git for-each-ref --sort -committerdate --format %(refname)%00%(objectname)%00%(*objectname) [3ms]
2025-06-05 12:39:03.876 [info] > git rev-parse refs/remotes/origin/main [16ms]
2025-06-05 12:39:03.889 [info] > git status -z -uall [8ms]
2025-06-05 12:39:03.890 [info] > git for-each-ref --sort -committerdate --format %(refname)%00%(objectname)%00%(*objectname) [2ms]
2025-06-05 12:39:57.186 [info] > git config --get commit.template [6ms]
2025-06-05 12:39:57.187 [info] > git for-each-ref --format=%(refname)%00%(upstream:short)%00%(objectname)%00%(upstream:track)%00%(upstream:remotename)%00%(upstream:remoteref) refs/heads/main refs/remotes/main [2ms]
2025-06-05 12:39:57.195 [warning] [Git][revParse] Unable to read file: ENOENT: no such file or directory, open '/home/sterben/projects/totalvideo_cdn_manager/.git/refs/remotes/origin/main'
2025-06-05 12:39:57.197 [info] > git rev-parse refs/remotes/origin/main [2ms]
2025-06-05 12:39:57.214 [info] > git status -z -uall [9ms]
2025-06-05 12:39:57.216 [info] > git for-each-ref --sort -committerdate --format %(refname)%00%(objectname)%00%(*objectname) [2ms]
2025-06-05 12:51:43.446 [info] > git fetch [609ms]
2025-06-05 12:51:43.462 [info] > git fetch [631ms]
2025-06-05 12:51:43.489 [info] > git config --get commit.template [27ms]
2025-06-05 12:51:43.489 [info] > git fetch [632ms]
2025-06-05 12:51:43.498 [info] > git for-each-ref --format=%(refname)%00%(upstream:short)%00%(objectname)%00%(upstream:track)%00%(upstream:remotename)%00%(upstream:remoteref) refs/heads/main refs/remotes/main [12ms]
2025-06-05 12:51:43.499 [info] > git config --get commit.template [24ms]
2025-06-05 12:51:43.519 [warning] [Git][revParse] Unable to read file: ENOENT: no such file or directory, open '/home/sterben/projects/core-microservice/.git/refs/remotes/origin/main'
2025-06-05 12:51:43.519 [info] > git config --get commit.template [21ms]
2025-06-05 12:51:43.519 [info] > git for-each-ref --format=%(refname)%00%(upstream:short)%00%(objectname)%00%(upstream:track)%00%(upstream:remotename)%00%(upstream:remoteref) refs/heads/main refs/remotes/main [11ms]
2025-06-05 12:51:43.519 [info] > git fetch [668ms]
2025-06-05 12:51:43.538 [warning] [Git][revParse] Unable to read file: ENOENT: no such file or directory, open '/home/sterben/projects/totalvideo_cdn_manager/.git/refs/remotes/origin/main'
2025-06-05 12:51:43.538 [info] > git rev-parse refs/remotes/origin/main [19ms]
2025-06-05 12:51:43.565 [info] > git status -z -uall [19ms]
2025-06-05 12:51:43.566 [info] > git rev-parse refs/remotes/origin/main [28ms]
2025-06-05 12:51:43.581 [info] > git for-each-ref --format=%(refname)%00%(upstream:short)%00%(objectname)%00%(upstream:track)%00%(upstream:remotename)%00%(upstream:remoteref) refs/heads/main refs/remotes/main [53ms]
2025-06-05 12:51:43.582 [info] > git fetch [737ms]
2025-06-05 12:51:43.591 [warning] [Git][revParse] Unable to read file: ENOENT: no such file or directory, open '/home/sterben/projects/totalvideo_auth/.git/refs/remotes/origin/main'
2025-06-05 12:51:43.598 [info] > git status -z -uall [25ms]
2025-06-05 12:51:43.599 [info] > git config --get commit.template [34ms]
2025-06-05 12:51:43.599 [info] > git for-each-ref --sort -committerdate --format %(refname)%00%(objectname)%00%(*objectname) [43ms]
2025-06-05 12:51:43.609 [info] > git config --get commit.template [12ms]
2025-06-05 12:51:43.609 [info] > git rev-parse refs/remotes/origin/main [18ms]
2025-06-05 12:51:43.628 [info] > git for-each-ref --sort -committerdate --format %(refname)%00%(objectname)%00%(*objectname) [47ms]
2025-06-05 12:51:43.632 [info] > git status -z -uall [14ms]
2025-06-05 12:51:43.632 [info] > git for-each-ref --sort -committerdate --format %(refname)%00%(objectname)%00%(*objectname) [4ms]
2025-06-05 12:51:43.634 [info] > git for-each-ref --format=%(refname)%00%(upstream:short)%00%(objectname)%00%(upstream:track)%00%(upstream:remotename)%00%(upstream:remoteref) refs/heads/main refs/remotes/main [26ms]
2025-06-05 12:51:43.643 [warning] [Git][revParse] Unable to read file: ENOENT: no such file or directory, open '/home/sterben/projects/sqlalchemy-utils/.git/refs/remotes/origin/main'
2025-06-05 12:51:43.644 [info] > git rev-parse refs/remotes/origin/main [1ms]
2025-06-05 12:51:43.651 [info] > git for-each-ref --format=%(refname)%00%(upstream:short)%00%(objectname)%00%(upstream:track)%00%(upstream:remotename)%00%(upstream:remoteref) refs/heads/main refs/remotes/main [13ms]
2025-06-05 12:51:43.655 [warning] [Git][revParse] Unable to read file: ENOENT: no such file or directory, open '/home/sterben/projects/totalvideo_management/.git/refs/remotes/origin/main'
2025-06-05 12:51:43.656 [info] > git status -z -uall [9ms]
2025-06-05 12:51:43.656 [info] > git for-each-ref --sort -committerdate --format %(refname)%00%(objectname)%00%(*objectname) [5ms]
2025-06-05 12:51:43.657 [info] > git rev-parse refs/remotes/origin/main [2ms]
2025-06-05 12:51:43.663 [info] > git status -z -uall [3ms]
2025-06-05 12:51:43.663 [info] > git for-each-ref --sort -committerdate --format %(refname)%00%(objectname)%00%(*objectname) [0ms]
2025-06-05 14:06:43.742 [info] > git config --get commit.template [5ms]
2025-06-05 14:06:43.742 [info] > git config --get commit.template [1ms]
2025-06-05 14:06:43.750 [info] > git for-each-ref --format=%(refname)%00%(upstream:short)%00%(objectname)%00%(upstream:track)%00%(upstream:remotename)%00%(upstream:remoteref) refs/heads/main refs/remotes/main [4ms]
2025-06-05 14:06:43.753 [warning] [Git][revParse] Unable to read file: ENOENT: no such file or directory, open '/home/sterben/projects/totalvideo_cdn_manager/.git/refs/remotes/origin/main'
2025-06-05 14:06:43.754 [info] > git for-each-ref --format=%(refname)%00%(upstream:short)%00%(objectname)%00%(upstream:track)%00%(upstream:remotename)%00%(upstream:remoteref) refs/heads/main refs/remotes/main [4ms]
2025-06-05 14:06:43.757 [warning] [Git][revParse] Unable to read file: ENOENT: no such file or directory, open '/home/sterben/projects/totalvideo_auth/.git/refs/remotes/origin/main'
2025-06-05 14:06:43.757 [info] > git rev-parse refs/remotes/origin/main [4ms]
2025-06-05 14:06:43.764 [info] > git status -z -uall [3ms]
2025-06-05 14:06:43.764 [info] > git rev-parse refs/remotes/origin/main [7ms]
2025-06-05 14:06:43.770 [info] > git status -z -uall [3ms]
2025-06-05 14:06:43.770 [info] > git for-each-ref --sort -committerdate --format %(refname)%00%(objectname)%00%(*objectname) [7ms]
2025-06-05 14:06:43.771 [info] > git for-each-ref --sort -committerdate --format %(refname)%00%(objectname)%00%(*objectname) [1ms]
2025-06-05 14:06:44.316 [info] > git fetch [593ms]
2025-06-05 14:06:44.329 [info] > git fetch [601ms]
2025-06-05 14:06:44.335 [info] > git fetch [617ms]
2025-06-05 14:06:44.349 [info] > git config --get commit.template [21ms]
2025-06-05 14:06:44.350 [info] > git for-each-ref --format=%(refname)%00%(upstream:short)%00%(objectname)%00%(upstream:track)%00%(upstream:remotename)%00%(upstream:remoteref) refs/heads/main refs/remotes/main [9ms]
2025-06-05 14:06:44.350 [info] > git fetch [618ms]
2025-06-05 14:06:44.351 [info] > git fetch [637ms]
2025-06-05 14:06:44.351 [info] > git config --get commit.template [16ms]
2025-06-05 14:06:44.361 [warning] [Git][revParse] Unable to read file: ENOENT: no such file or directory, open '/home/sterben/projects/totalvideo_auth/.git/refs/remotes/origin/main'
2025-06-05 14:06:44.372 [info] > git config --get commit.template [23ms]
2025-06-05 14:06:44.378 [info] > git config --get commit.template [12ms]
2025-06-05 14:06:44.378 [info] > git rev-parse refs/remotes/origin/main [17ms]
2025-06-05 14:06:44.386 [info] > git for-each-ref --format=%(refname)%00%(upstream:short)%00%(objectname)%00%(upstream:track)%00%(upstream:remotename)%00%(upstream:remoteref) refs/heads/main refs/remotes/main [29ms]
2025-06-05 14:06:44.390 [warning] [Git][revParse] Unable to read file: ENOENT: no such file or directory, open '/home/sterben/projects/sqlalchemy-utils/.git/refs/remotes/origin/main'
2025-06-05 14:06:44.390 [info] > git status -z -uall [8ms]
2025-06-05 14:06:44.391 [info] > git for-each-ref --format=%(refname)%00%(upstream:short)%00%(objectname)%00%(upstream:track)%00%(upstream:remotename)%00%(upstream:remoteref) refs/heads/main refs/remotes/main [14ms]
2025-06-05 14:06:44.391 [info] > git config --get commit.template [19ms]
2025-06-05 14:06:44.400 [warning] [Git][revParse] Unable to read file: ENOENT: no such file or directory, open '/home/sterben/projects/totalvideo_cdn_manager/.git/refs/remotes/origin/main'
2025-06-05 14:06:44.400 [info] > git rev-parse refs/remotes/origin/main [10ms]
2025-06-05 14:06:44.407 [info] > git for-each-ref --sort -committerdate --format %(refname)%00%(objectname)%00%(*objectname) [21ms]
2025-06-05 14:06:44.409 [info] > git status -z -uall [6ms]
2025-06-05 14:06:44.409 [info] > git for-each-ref --sort -committerdate --format %(refname)%00%(objectname)%00%(*objectname) [2ms]
2025-06-05 14:06:44.409 [info] > git rev-parse refs/remotes/origin/main [9ms]
2025-06-05 14:06:44.418 [info] > git for-each-ref --format=%(refname)%00%(upstream:short)%00%(objectname)%00%(upstream:track)%00%(upstream:remotename)%00%(upstream:remoteref) refs/heads/main refs/remotes/main [21ms]
2025-06-05 14:06:44.418 [info] > git for-each-ref --format=%(refname)%00%(upstream:short)%00%(objectname)%00%(upstream:track)%00%(upstream:remotename)%00%(upstream:remoteref) refs/heads/main refs/remotes/main [24ms]
2025-06-05 14:06:44.421 [warning] [Git][revParse] Unable to read file: ENOENT: no such file or directory, open '/home/sterben/projects/core-microservice/.git/refs/remotes/origin/main'
2025-06-05 14:06:44.424 [warning] [Git][revParse] Unable to read file: ENOENT: no such file or directory, open '/home/sterben/projects/totalvideo_management/.git/refs/remotes/origin/main'
2025-06-05 14:06:44.424 [info] > git status -z -uall [10ms]
2025-06-05 14:06:44.425 [info] > git rev-parse refs/remotes/origin/main [1ms]
2025-06-05 14:06:44.431 [info] > git rev-parse refs/remotes/origin/main [10ms]
2025-06-05 14:06:44.436 [info] > git for-each-ref --sort -committerdate --format %(refname)%00%(objectname)%00%(*objectname) [18ms]
2025-06-05 14:06:44.438 [info] > git status -z -uall [10ms]
2025-06-05 14:06:44.438 [info] > git status -z -uall [5ms]
2025-06-05 14:06:44.438 [info] > git for-each-ref --sort -committerdate --format %(refname)%00%(objectname)%00%(*objectname) [2ms]
2025-06-05 14:06:44.439 [info] > git for-each-ref --sort -committerdate --format %(refname)%00%(objectname)%00%(*objectname) [9ms]
