/temperature             
/temperature        [1/4]
/temperature             
/temperature        [2/4]
3 lines yanked
2 fewer lines; before #25  4 seconds ago
3 lines yanked
2 fewer lines; before #30  3 seconds ago
3 lines yanked
3 lines yanked
2 changes; before #46  30 seconds ago
2 more lines; before #45  41 seconds ago
13 changes; before #44  76 seconds ago
1 more line; before #43  86 seconds ago
1 more line; before #42  13:39:37
1 change; before #41  13:39:31
1 change; before #40  13:39:13
1 change; before #39  13:39:12
1 change; before #38  13:39:03
2 more lines; before #37  13:37:21
2 more lines; before #36  13:36:21
3 changes; before #35  13:36:16
2 fewer lines; before #34  13:36:14
2 fewer lines; before #33  13:34:01
2 more lines; before #32  13:33:54
2 fewer lines; before #31  13:33:25
2 more lines; before #29  13:33:17
1 more line; before #28  13:33:14
1 more line; before #27  13:33:13
2 fewer lines; before #26  13:33:07
1 more line; before #24  13:31:27
2 fewer lines; before #23  13:31:24
1 line less; before #22  13:31:20
2 more lines; before #21  13:31:13
2 changes; before #20  13:30:55
4 fewer lines; before #19  13:26:56
1 more line; before #18  13:26:31
8 changes; before #17  13:26:01
1 change; before #16  13:25:57
1 change; before #15  13:25:55
1 line less; before #14  13:25:52
1 more line; before #13  13:25:50
1 change; before #12  13:25:38
1 change; before #11  13:25:27
1 line less; before #10  13:25:24
1 change; before #9  13:25:18
1 more line; before #8  13:15:25
1 change; before #7  13:15:04
1 more line; before #6  13:14:59
1 line less; before #5  13:14:20
1 more line; before #4  13:14:17
1 more line; before #3  13:13:50
2 fewer lines; before #2  13:13:04
Already at oldest change
Already at oldest change
Already at oldest change
Already at oldest change
Already at oldest change
Already at oldest change
Already at oldest change
Already at oldest change
Already at oldest change
Already at oldest change
Already at oldest change
Already at oldest change
Already at oldest change
Already at oldest change
Already at oldest change
Already at oldest change
Already at oldest change
Already at oldest change
Already at oldest change
Already at oldest change
Already at oldest change
Already at oldest change
Already at oldest change
2 more lines; before #48  21 seconds ago
3 fewer lines; before #47  90 seconds ago
Already at oldest change
Already at oldest change
Already at oldest change
Already at oldest change
Already at oldest change
Already at oldest change
Already at oldest change
Already at oldest change
Already at oldest change
Already at oldest change
Already at oldest change
Already at oldest change
Already at oldest change
Already at oldest change
Already at oldest change
Already at oldest change
Already at oldest change
Already at oldest change
5 lines yanked
4 more lines
