2025-06-07 18:38:29.644 [info] MainController: Starting nvim: /usr/bin/nvim -N --embed --cmd source /home/sterben/.vscode-oss/extensions/asvetliakov.vscode-neovim-1.18.22-universal/runtime/vscode-neovim.vim
2025-06-07 18:38:29.693 [info] MainController: Nvim info: {
  logFile: '/home/sterben/.local/state/nvim/log',
  configDir: '/home/sterben/.config/nvim',
  nvimVersion: {
    prerelease: false,
    api_level: 13,
    major: 0,
    api_compatible: 0,
    patch: 2,
    build: 'dirty',
    minor: 11,
    api_prerelease: false
  }
}
2025-06-07 18:43:45.664 [info] MessagesManager: 'E492: Not an editor command: dd 8\n'
2025-06-07 18:44:14.114 [info] MessagesManager: 'E492: Not an editor command: dd\n'
2025-06-07 18:46:21.614 [info] MessagesManager: 'E492: Not an editor command: search find\n'
2025-06-07 18:47:37.921 [info] MessagesManager: "E21: Cannot make changes, 'modifiable' is off\n"
2025-06-07 18:48:09.715 [info] MessagesManager: 'E492: Not an editor command: ["x]dd\n'
2025-06-07 18:48:45.412 [info] MessagesManager: 'E492: Not an editor command: [5"]dd\n'
2025-06-07 18:49:06.686 [info] MessagesManager: 'E492: Not an editor command: [5]dd\n'
2025-06-07 18:49:30.465 [info] MessagesManager: 'E492: Not an editor command: 5dd\n'
2025-06-07 18:49:53.613 [info] MessagesManager: '5 fewer lines\n'
2025-06-07 18:50:56.869 [info] MessagesManager: '10 fewer lines\n'
2025-06-07 18:51:05.591 [info] MessagesManager: '4 fewer lines\n'
2025-06-07 18:51:09.995 [info] MessagesManager: '5 fewer lines\n'
2025-06-07 18:51:25.894 [info] MessagesManager: '9 fewer lines\n'
2025-06-07 18:51:44.025 [info] MessagesManager: '9 more lines\n'
2025-06-07 18:52:02.913 [info] MessagesManager: '9 fewer lines; before #51  18 seconds ago\n'
2025-06-07 18:53:21.059 [info] MessagesManager: '6 fewer lines\n'
2025-06-07 18:55:00.411 [info] MessagesManager: '/Save             \n'
2025-06-07 18:55:00.411 [info] MessagesManager: '/Save        [1/3]\n'
2025-06-07 18:55:37.565 [error] BufferManager: nvim_open_win: E11: Invalid in command-line window; <CR> executes, CTRL-C quits
2025-06-07 18:55:37.565 [error] BufferManager: Unable to determine neovim window id for editor, docUri: vscode-neovim://14/
2025-06-07 18:56:18.595 [info] MessagesManager: '/temperature             \n'
2025-06-07 18:56:18.595 [info] MessagesManager: '/temperature        [2/3]\n'
2025-06-07 19:04:02.990 [info] MessagesManager: '/temperature             \n'
2025-06-07 19:04:02.990 [info] MessagesManager: '/temperature        [2/3]\n'
2025-06-07 19:04:10.024 [info] MessagesManager: '1 change; before #61  7 seconds ago\n'
2025-06-07 19:04:11.284 [info] MessagesManager: '3 more lines; before #60  18:59:55\n'
2025-06-07 19:04:26.613 [info] MessagesManager: '/weather             \n'
2025-06-07 19:04:26.614 [info] MessagesManager: '/weather      W [1/3]\n'
2025-06-07 19:04:43.183 [info] MessagesManager: '/weather             \n'
2025-06-07 19:04:43.183 [info] MessagesManager: '/weather        [2/2]\n'
2025-06-07 19:05:20.452 [info] MessagesManager: '8 fewer lines\n'
2025-06-07 19:05:25.577 [info] MessagesManager: '10 fewer lines\n'
2025-06-07 19:13:55.703 [info] MessagesManager: '2 more lines; before #2  2 seconds ago\n'
2025-06-07 19:20:16.104 [info] MessagesManager: '4 fewer lines\n'
2025-06-07 19:20:23.190 [info] MessagesManager: '/language             \n'
2025-06-07 19:20:23.190 [info] MessagesManager: '/language        [2/2]\n'
2025-06-07 19:49:35.501 [info] MessagesManager: '/submap             \n'
2025-06-07 19:49:35.502 [info] MessagesManager: '/submap        [2/2]\n'
2025-06-07 19:50:09.237 [info] MessagesManager: '/modules             \n'
2025-06-07 19:50:09.237 [info] MessagesManager: '/modules      W [1/3]\n'
2025-06-07 19:51:25.459 [info] MessagesManager: '/modules      W [1/3]\n'
2025-06-07 19:53:17.603 [info] MessagesManager: '/weather             \n'
2025-06-07 19:53:17.603 [info] MessagesManager: '/weather        [2/2]\n'
2025-06-07 20:11:20.368 [info] MessagesManager: '18 changes; before #12  19:55:20\n'
2025-06-07 20:11:28.039 [info] MessagesManager: '18 changes; before #12  19:55:20\n'
2025-06-07 20:11:36.626 [info] MessagesManager: '2 changes; before #13  1 second ago\n'
2025-06-07 20:11:37.340 [info] MessagesManager: '2 fewer lines; before #11  19:53:24\n'
2025-06-07 20:12:19.001 [info] MessagesManager: 'E492: Not an editor command: ggVG\n'
2025-06-07 20:14:03.661 [info] MessagesManager: '151 lines yanked into "+\n'
2025-06-07 20:14:24.916 [info] MessagesManager: '150 fewer lines\n'
2025-06-07 20:14:29.624 [info] MessagesManager: '150 fewer lines\n'
2025-06-07 20:14:39.505 [info] MessagesManager: '150 fewer lines; before #15  10 seconds ago\n'
2025-06-07 20:15:12.498 [info] MessagesManager: '150 fewer lines; before #16  17 seconds ago\n'
2025-06-07 20:16:52.541 [info] MessagesManager: '1 line less; before #18  39 seconds ago\n'
2025-06-07 20:17:01.157 [info] MessagesManager: '1 line less; before #18  39 seconds ago\n'
2025-06-07 20:47:15.388 [info] MessagesManager: '/temperature             \n'
2025-06-07 20:47:15.389 [info] MessagesManager: '/temperature        [2/3]\n'
2025-06-07 20:47:18.155 [info] MessagesManager: '/temperature        [2/3]\n'
2025-06-07 21:38:04.331 [info] MessagesManager: '1 line less; before #22  59 seconds ago\n'
2025-06-07 21:38:07.986 [info] MessagesManager: '1 line less; before #22  59 seconds ago\n'
