2025-06-07 22:20:52.580 [info] Extension host with pid 4579 started
2025-06-07 22:20:52.580 [info] Skipping acquiring lock for /home/sterben/.config/VSCodium/User/workspaceStorage/b8a26b5e4b066c95d9a006f9b01d477e.
2025-06-07 22:20:52.672 [info] ExtensionService#_doActivateExtension Vue.volar, startup: false, activationEvent: 'onLanguage:plaintext'
2025-06-07 22:20:52.706 [info] ExtensionService#_doActivateExtension vscode.emmet, startup: false, activationEvent: 'onLanguage'
2025-06-07 22:20:52.716 [info] ExtensionService#_doActivateExtension vscode.configuration-editing, startup: false, activationEvent: 'onLanguage:jsonc'
2025-06-07 22:20:52.723 [info] ExtensionService#_doActivateExtension vscode.json-language-features, startup: false, activationEvent: 'onLanguage:jsonc'
2025-06-07 22:20:52.759 [info] ExtensionService#_doActivateExtension vscode.typescript-language-features, startup: false, activationEvent: 'onLanguage:jsonc'
2025-06-07 22:20:52.898 [info] Extension host with pid 4606 started
2025-06-07 22:20:52.898 [info] Skipping acquiring lock for /home/sterben/.config/VSCodium/User/workspaceStorage/b8a26b5e4b066c95d9a006f9b01d477e.
2025-06-07 22:20:52.898 [info] Eager extensions activated
2025-06-07 22:20:52.904 [info] ExtensionService#_doActivateExtension asvetliakov.vscode-neovim, startup: false, activationEvent: 'onStartupFinished'
2025-06-07 22:20:52.940 [info] ExtensionService#_doActivateExtension vscode.git-base, startup: true, activationEvent: '*', root cause: vscode.git
2025-06-07 22:20:52.941 [info] ExtensionService#_doActivateExtension mikoz.composite-formatter, startup: true, activationEvent: '*'
2025-06-07 22:20:52.943 [info] ExtensionService#_doActivateExtension Zignd.html-css-class-completion, startup: true, activationEvent: '*'
2025-06-07 22:20:52.999 [info] ExtensionService#_doActivateExtension vscode.git, startup: true, activationEvent: '*'
2025-06-07 22:20:53.027 [info] ExtensionService#_doActivateExtension vscode.github, startup: true, activationEvent: '*'
2025-06-07 22:20:53.078 [info] Eager extensions activated
2025-06-07 22:20:53.080 [info] ExtensionService#_doActivateExtension vscode.debug-auto-launch, startup: false, activationEvent: 'onStartupFinished'
2025-06-07 22:20:53.081 [info] ExtensionService#_doActivateExtension vscode.merge-conflict, startup: false, activationEvent: 'onStartupFinished'
2025-06-07 22:20:53.091 [info] ExtensionService#_doActivateExtension dbaeumer.vscode-eslint, startup: false, activationEvent: 'onStartupFinished'
2025-06-07 22:20:53.110 [info] ExtensionService#_doActivateExtension eamodio.gitlens, startup: false, activationEvent: 'onStartupFinished'
2025-06-07 22:20:53.184 [info] ExtensionService#_doActivateExtension ecmel.vscode-html-css, startup: false, activationEvent: 'onStartupFinished'
2025-06-07 22:20:53.185 [info] ExtensionService#_doActivateExtension elagil.pre-commit-helper, startup: false, activationEvent: 'onStartupFinished'
2025-06-07 22:20:53.192 [info] ExtensionService#_doActivateExtension Gruntfuggly.todo-tree, startup: false, activationEvent: 'onStartupFinished'
2025-06-07 22:20:53.213 [info] ExtensionService#_doActivateExtension ms-vscode-remote.remote-containers, startup: false, activationEvent: 'onStartupFinished'
2025-06-07 22:20:53.435 [info] ExtensionService#_doActivateExtension vscode.github-authentication, startup: false, activationEvent: 'onAuthenticationRequest:github'
2025-06-07 22:21:10.446 [info] ExtensionService#_doActivateExtension vscode.css-language-features, startup: false, activationEvent: 'onLanguage:css'
2025-06-08 00:40:43.588 [info] Extension host terminating: renderer closed the MessagePort
2025-06-08 00:40:43.597 [info] Extension host with pid 4606 exiting with code 0
2025-06-08 00:40:43.599 [info] Extension host terminating: renderer closed the MessagePort
2025-06-08 00:40:43.611 [error] An error occurred when disposing the subscriptions for extension 'Gruntfuggly.todo-tree':
2025-06-08 00:40:43.612 [error] AggregateError: Encountered errors while disposing of store
    at Si (file:///usr/share/vscodium/resources/app/out/vs/workbench/api/node/extensionHostProcess.js:25:822)
    at file:///usr/share/vscodium/resources/app/out/vs/workbench/api/node/extensionHostProcess.js:123:18462
    at file:///usr/share/vscodium/resources/app/out/vs/workbench/api/node/extensionHostProcess.js:25:1056
    at Object.dispose (file:///usr/share/vscodium/resources/app/out/vs/workbench/api/node/extensionHostProcess.js:8:705)
    at PQ._deactivate (file:///usr/share/vscodium/resources/app/out/vs/workbench/api/node/extensionHostProcess.js:123:14727)
    at file:///usr/share/vscodium/resources/app/out/vs/workbench/api/node/extensionHostProcess.js:123:12013
    at Array.map (<anonymous>)
    at PQ._deactivateAll (file:///usr/share/vscodium/resources/app/out/vs/workbench/api/node/extensionHostProcess.js:123:12001)
    at PQ.terminate (file:///usr/share/vscodium/resources/app/out/vs/workbench/api/node/extensionHostProcess.js:123:12354)
    at v8.terminate (file:///usr/share/vscodium/resources/app/out/vs/workbench/api/node/extensionHostProcess.js:124:1602)
    at ds (file:///usr/share/vscodium/resources/app/out/vs/workbench/api/node/extensionHostProcess.js:225:5829)
    at MessagePortMain.<anonymous> (file:///usr/share/vscodium/resources/app/out/vs/workbench/api/node/extensionHostProcess.js:225:2284)
    at MessagePortMain.emit (node:events:524:28)
    at Object.MessagePortMain._internalPort.emit (node:electron/js2c/utility_init:2:2949)
2025-06-08 00:40:43.614 [info] Extension host with pid 4579 exiting with code 0
