2025-06-07 13:12:02.885 [info] [main] Log level: Info
2025-06-07 13:12:02.885 [info] [main] Validating found git in: "git"
2025-06-07 13:12:02.885 [info] [main] Using git "2.49.0" from "git"
2025-06-07 13:12:02.885 [info] [Model][doInitialScan] Initial repository scan started
2025-06-07 13:12:02.885 [info] > git rev-parse --show-toplevel [19ms]
2025-06-07 13:12:02.885 [info] > git rev-parse --git-dir --git-common-dir [2ms]
2025-06-07 13:12:02.885 [info] [Model][openRepository] Opened repository (path): /home/sterben/projects/totalvideo_management
2025-06-07 13:12:02.885 [info] [Model][openRepository] Opened repository (real path): /home/sterben/projects/totalvideo_management
2025-06-07 13:12:02.885 [info] > git rev-parse --show-toplevel [260ms]
2025-06-07 13:12:02.885 [info] > git config --get commit.template [262ms]
2025-06-07 13:12:02.885 [info] > git fetch [266ms]
2025-06-07 13:12:02.885 [info] ssh: Could not resolve hostname gitlab.totalvideo.ru: Name or service not known
fatal: Could not read from remote repository.

Please make sure you have the correct access rights
and the repository exists.
2025-06-07 13:12:02.886 [info] > git config --get commit.template [18ms]
2025-06-07 13:12:02.886 [info] > git rev-parse --git-dir --git-common-dir [21ms]
2025-06-07 13:12:02.891 [info] [Model][openRepository] Opened repository (path): /home/sterben/projects/totalvideo_auth
2025-06-07 13:12:02.891 [info] [Model][openRepository] Opened repository (real path): /home/sterben/projects/totalvideo_auth
2025-06-07 13:12:02.909 [info] > git fetch [18ms]
2025-06-07 13:12:02.909 [info] ssh: Could not resolve hostname gitlab.totalvideo.ru: Name or service not known
fatal: Could not read from remote repository.

Please make sure you have the correct access rights
and the repository exists.
2025-06-07 13:12:02.909 [info] > git for-each-ref --format=%(refname)%00%(upstream:short)%00%(objectname)%00%(upstream:track)%00%(upstream:remotename)%00%(upstream:remoteref) refs/heads/main refs/remotes/main [24ms]
2025-06-07 13:12:02.921 [warning] [Git][revParse] Unable to read file: ENOENT: no such file or directory, open '/home/sterben/projects/totalvideo_management/.git/refs/remotes/origin/main'
2025-06-07 13:12:02.922 [info] > git rev-parse --show-toplevel [15ms]
2025-06-07 13:12:02.922 [info] > git config --get commit.template [17ms]
2025-06-07 13:12:02.927 [info] > git rev-parse refs/remotes/origin/main [6ms]
2025-06-07 13:12:02.931 [info] > git config --get commit.template [12ms]
2025-06-07 13:12:02.931 [info] > git for-each-ref --format=%(refname)%00%(upstream:short)%00%(objectname)%00%(upstream:track)%00%(upstream:remotename)%00%(upstream:remoteref) refs/heads/main refs/remotes/main [18ms]
2025-06-07 13:12:02.944 [warning] [Git][revParse] Unable to read file: ENOENT: no such file or directory, open '/home/sterben/projects/totalvideo_management/.git/refs/remotes/origin/main'
2025-06-07 13:12:02.944 [info] > git for-each-ref --format=%(refname)%00%(upstream:short)%00%(objectname)%00%(upstream:track)%00%(upstream:remotename)%00%(upstream:remoteref) refs/heads/main refs/remotes/main [13ms]
2025-06-07 13:12:02.947 [info] > git rev-parse --git-dir --git-common-dir [21ms]
2025-06-07 13:12:02.952 [info] [Model][openRepository] Opened repository (path): /home/sterben/projects/totalvideo_cdn_manager
2025-06-07 13:12:02.952 [info] [Model][openRepository] Opened repository (real path): /home/sterben/projects/totalvideo_cdn_manager
2025-06-07 13:12:02.996 [info] > git fetch [44ms]
2025-06-07 13:12:02.996 [info] ssh: Could not resolve hostname gitlab.totalvideo.ru: Name or service not known
fatal: Could not read from remote repository.

Please make sure you have the correct access rights
and the repository exists.
2025-06-07 13:12:02.996 [info] > git config --get --local branch.main.vscode-merge-base [49ms]
2025-06-07 13:12:02.998 [info] > git rev-parse refs/remotes/origin/main [54ms]
2025-06-07 13:12:03.001 [info] > git config --get commit.template [60ms]
2025-06-07 13:12:03.001 [info] > git for-each-ref --format=%(refname)%00%(upstream:short)%00%(objectname)%00%(upstream:track)%00%(upstream:remotename)%00%(upstream:remoteref) refs/heads/main refs/remotes/main [62ms]
2025-06-07 13:12:03.017 [warning] [Git][revParse] Unable to read file: ENOENT: no such file or directory, open '/home/sterben/projects/totalvideo_auth/.git/refs/remotes/origin/main'
2025-06-07 13:12:03.018 [info] > git for-each-ref --format=%(refname)%00%(upstream:short)%00%(objectname)%00%(upstream:track)%00%(upstream:remotename)%00%(upstream:remoteref) refs/heads/main refs/remotes/main [17ms]
2025-06-07 13:12:03.020 [info] > git for-each-ref --format=%(refname)%00%(upstream:short)%00%(objectname)%00%(upstream:track)%00%(upstream:remotename)%00%(upstream:remoteref) refs/heads/origin/main refs/remotes/origin/main [22ms]
2025-06-07 13:12:03.023 [info] > git rev-parse --show-toplevel [28ms]
2025-06-07 13:12:03.024 [info] > git config --get commit.template [31ms]
2025-06-07 13:12:03.024 [info] > git for-each-ref --format=%(refname)%00%(upstream:short)%00%(objectname)%00%(upstream:track)%00%(upstream:remotename)%00%(upstream:remoteref) refs/heads/main refs/remotes/main [36ms]
2025-06-07 13:12:03.261 [warning] [Git][revParse] Unable to read file: ENOENT: no such file or directory, open '/home/sterben/projects/totalvideo_auth/.git/refs/remotes/origin/main'
2025-06-07 13:12:03.261 [info] > git merge-base refs/heads/main refs/remotes/origin/main [238ms]
2025-06-07 13:12:03.264 [info] > git config --get --local branch.main.vscode-merge-base [244ms]
2025-06-07 13:12:03.266 [info] > git rev-parse refs/remotes/origin/main [249ms]
2025-06-07 13:12:03.270 [info] > git config --get commit.template [255ms]
2025-06-07 13:12:03.348 [info] > git for-each-ref --format=%(refname)%00%(upstream:short)%00%(objectname)%00%(upstream:track)%00%(upstream:remotename)%00%(upstream:remoteref) refs/heads/main refs/remotes/main [79ms]
2025-06-07 13:12:03.350 [info] > git for-each-ref --format=%(refname)%00%(upstream:short)%00%(objectname)%00%(upstream:track)%00%(upstream:remotename)%00%(upstream:remoteref) refs/heads/origin/main refs/remotes/origin/main [84ms]
2025-06-07 13:12:03.353 [info] > git diff --name-status -z --diff-filter=ADMR 5ce1582bdac77748a50e71d76c439bdff96baea8...refs/remotes/origin/main [89ms]
2025-06-07 13:12:03.353 [info] > git rev-parse refs/remotes/origin/main [92ms]
2025-06-07 13:12:03.356 [info] > git rev-parse --git-dir --git-common-dir [98ms]
2025-06-07 13:12:03.361 [info] [Model][openRepository] Opened repository (path): /home/sterben/projects/core-microservice
2025-06-07 13:12:03.361 [info] [Model][openRepository] Opened repository (real path): /home/sterben/projects/core-microservice
2025-06-07 13:12:03.361 [info] > git for-each-ref --format=%(refname)%00%(upstream:short)%00%(objectname)%00%(upstream:track)%00%(upstream:remotename)%00%(upstream:remoteref) refs/heads/main refs/remotes/main [114ms]
2025-06-07 13:12:03.383 [warning] [Git][revParse] Unable to read file: ENOENT: no such file or directory, open '/home/sterben/projects/totalvideo_management/.git/refs/remotes/origin/main'
2025-06-07 13:12:03.385 [info] > git fetch [25ms]
2025-06-07 13:12:03.385 [info] ssh: Could not resolve hostname gitlab.totalvideo.ru: Name or service not known
fatal: Could not read from remote repository.

Please make sure you have the correct access rights
and the repository exists.
2025-06-07 13:12:03.385 [info] > git for-each-ref --format=%(refname)%00%(upstream:short)%00%(objectname)%00%(upstream:track)%00%(upstream:remotename)%00%(upstream:remoteref) refs/heads/main refs/remotes/main [29ms]
2025-06-07 13:12:03.387 [info] > git merge-base refs/heads/main refs/remotes/origin/main [34ms]
2025-06-07 13:12:03.390 [info] > git config --get --local branch.main.vscode-merge-base [40ms]
2025-06-07 13:12:03.393 [info] > git config --get commit.template [61ms]
2025-06-07 13:12:03.393 [info] > git for-each-ref --format=%(refname)%00%(upstream:short)%00%(objectname)%00%(upstream:track)%00%(upstream:remotename)%00%(upstream:remoteref) refs/heads/main refs/remotes/main [66ms]
2025-06-07 13:12:03.417 [warning] [Git][revParse] Unable to read file: ENOENT: no such file or directory, open '/home/sterben/projects/totalvideo_cdn_manager/.git/refs/remotes/origin/main'
2025-06-07 13:12:03.422 [info] > git for-each-ref --format=%(refname)%00%(upstream:short)%00%(objectname)%00%(upstream:track)%00%(upstream:remotename)%00%(upstream:remoteref) refs/heads/origin/main refs/remotes/origin/main [29ms]
2025-06-07 13:12:03.425 [info] > git diff --name-status -z --diff-filter=ADMR 5ce1582bdac77748a50e71d76c439bdff96baea8...refs/remotes/origin/main [35ms]
2025-06-07 13:12:03.425 [info] > git config --get --local branch.main.vscode-merge-base [38ms]
2025-06-07 13:12:03.429 [info] > git rev-parse refs/remotes/origin/main [46ms]
2025-06-07 13:12:03.435 [info] > git rev-parse --show-toplevel [54ms]
2025-06-07 13:12:03.435 [info] > git config --get commit.template [57ms]
2025-06-07 13:12:03.435 [info] > git for-each-ref --format=%(refname)%00%(upstream:short)%00%(objectname)%00%(upstream:track)%00%(upstream:remotename)%00%(upstream:remoteref) refs/heads/main refs/remotes/main [60ms]
2025-06-07 13:12:03.444 [warning] [Git][revParse] Unable to read file: ENOENT: no such file or directory, open '/home/sterben/projects/totalvideo_cdn_manager/.git/refs/remotes/origin/main'
2025-06-07 13:12:03.445 [info] > git status -z -uall [13ms]
2025-06-07 13:12:03.445 [info] > git for-each-ref --sort -committerdate --format %(refname)%00%(objectname)%00%(*objectname) [10ms]
2025-06-07 13:12:03.445 [info] > git for-each-ref --format=%(refname)%00%(upstream:short)%00%(objectname)%00%(upstream:track)%00%(upstream:remotename)%00%(upstream:remoteref) refs/heads/origin/main refs/remotes/origin/main [16ms]
2025-06-07 13:12:03.448 [info] > git merge-base refs/heads/main refs/remotes/origin/main [23ms]
2025-06-07 13:12:03.454 [info] > git rev-parse refs/remotes/origin/main [37ms]
2025-06-07 13:12:03.457 [info] > git config --get commit.template [43ms]
2025-06-07 13:12:03.465 [info] > git for-each-ref --format=%(refname)%00%(upstream:short)%00%(objectname)%00%(upstream:track)%00%(upstream:remotename)%00%(upstream:remoteref) refs/heads/main refs/remotes/main [8ms]
2025-06-07 13:12:03.468 [info] > git diff --name-status -z --diff-filter=ADMR deaeaa35b3e5e5a9495d00738ca28b51492f9a41...refs/remotes/origin/main [18ms]
2025-06-07 13:12:03.468 [info] > git merge-base refs/heads/main refs/remotes/origin/main [20ms]
2025-06-07 13:12:03.470 [info] > git rev-parse refs/remotes/origin/main [26ms]
2025-06-07 13:12:03.474 [info] > git rev-parse --git-dir --git-common-dir [32ms]
2025-06-07 13:12:03.479 [info] [Model][openRepository] Opened repository (path): /home/sterben/projects/sqlalchemy-utils
2025-06-07 13:12:03.479 [info] [Model][openRepository] Opened repository (real path): /home/sterben/projects/sqlalchemy-utils
2025-06-07 13:12:03.480 [info] > git for-each-ref --format=%(refname)%00%(upstream:short)%00%(objectname)%00%(upstream:track)%00%(upstream:remotename)%00%(upstream:remoteref) refs/heads/main refs/remotes/main [42ms]
2025-06-07 13:12:03.514 [warning] [Git][revParse] Unable to read file: ENOENT: no such file or directory, open '/home/sterben/projects/totalvideo_auth/.git/refs/remotes/origin/main'
2025-06-07 13:12:03.514 [info] > git fetch [35ms]
2025-06-07 13:12:03.514 [info] ssh: Could not resolve hostname gitlab.totalvideo.ru: Name or service not known
fatal: Could not read from remote repository.

Please make sure you have the correct access rights
and the repository exists.
2025-06-07 13:12:03.515 [info] > git for-each-ref --format=%(refname)%00%(upstream:short)%00%(objectname)%00%(upstream:track)%00%(upstream:remotename)%00%(upstream:remoteref) refs/heads/main refs/remotes/main [41ms]
2025-06-07 13:12:03.518 [info] > git diff --name-status -z --diff-filter=ADMR deaeaa35b3e5e5a9495d00738ca28b51492f9a41...refs/remotes/origin/main [48ms]
2025-06-07 13:12:03.518 [info] > git config --get --local branch.main.vscode-merge-base [51ms]
2025-06-07 13:12:03.521 [info] > git config --get commit.template [56ms]
2025-06-07 13:12:03.521 [info] > git for-each-ref --format=%(refname)%00%(upstream:short)%00%(objectname)%00%(upstream:track)%00%(upstream:remotename)%00%(upstream:remoteref) refs/heads/main refs/remotes/main [59ms]
2025-06-07 13:12:03.532 [warning] [Git][revParse] Unable to read file: ENOENT: no such file or directory, open '/home/sterben/projects/core-microservice/.git/refs/remotes/origin/main'
2025-06-07 13:12:03.533 [info] > git for-each-ref --format=%(refname)%00%(upstream:short)%00%(objectname)%00%(upstream:track)%00%(upstream:remotename)%00%(upstream:remoteref) refs/heads/origin/main refs/remotes/origin/main [13ms]
2025-06-07 13:12:03.536 [info] > git config --get --local branch.main.vscode-merge-base [19ms]
2025-06-07 13:12:03.540 [info] > git rev-parse refs/remotes/origin/main [26ms]
2025-06-07 13:12:03.546 [info] > git rev-parse --show-toplevel [34ms]
2025-06-07 13:12:03.546 [info] > git config --get commit.template [37ms]
2025-06-07 13:12:03.547 [info] > git for-each-ref --format=%(refname)%00%(upstream:short)%00%(objectname)%00%(upstream:track)%00%(upstream:remotename)%00%(upstream:remoteref) refs/heads/main refs/remotes/main [56ms]
2025-06-07 13:12:03.559 [warning] [Git][revParse] Unable to read file: ENOENT: no such file or directory, open '/home/sterben/projects/core-microservice/.git/refs/remotes/origin/main'
2025-06-07 13:12:03.561 [info] > git status -z -uall [19ms]
2025-06-07 13:12:03.561 [info] > git for-each-ref --sort -committerdate --format %(refname)%00%(objectname)%00%(*objectname) [16ms]
2025-06-07 13:12:03.563 [info] > git for-each-ref --format=%(refname)%00%(upstream:short)%00%(objectname)%00%(upstream:track)%00%(upstream:remotename)%00%(upstream:remoteref) refs/heads/origin/main refs/remotes/origin/main [23ms]
2025-06-07 13:12:03.566 [info] > git merge-base refs/heads/main refs/remotes/origin/main [30ms]
2025-06-07 13:12:03.569 [info] > git rev-parse refs/remotes/origin/main [37ms]
2025-06-07 13:12:03.573 [info] > git config --get commit.template [42ms]
2025-06-07 13:12:03.616 [info] > git for-each-ref --format=%(refname)%00%(upstream:short)%00%(objectname)%00%(upstream:track)%00%(upstream:remotename)%00%(upstream:remoteref) refs/heads/main refs/remotes/main [44ms]
2025-06-07 13:12:03.619 [info] > git diff --name-status -z --diff-filter=ADMR e9598d8c7fd3ad48ecf6d74ca0e96619a35e4b62...refs/remotes/origin/main [50ms]
2025-06-07 13:12:03.620 [info] > git merge-base refs/heads/main refs/remotes/origin/main [54ms]
2025-06-07 13:12:03.623 [info] > git rev-parse refs/remotes/origin/main [64ms]
2025-06-07 13:12:03.627 [info] > git rev-parse --show-toplevel [71ms]
2025-06-07 13:12:03.627 [info] > git for-each-ref --format=%(refname)%00%(upstream:short)%00%(objectname)%00%(upstream:track)%00%(upstream:remotename)%00%(upstream:remoteref) refs/heads/main refs/remotes/main [74ms]
2025-06-07 13:12:03.640 [warning] [Git][revParse] Unable to read file: ENOENT: no such file or directory, open '/home/sterben/projects/totalvideo_cdn_manager/.git/refs/remotes/origin/main'
2025-06-07 13:12:03.641 [info] > git for-each-ref --format=%(refname)%00%(upstream:short)%00%(objectname)%00%(upstream:track)%00%(upstream:remotename)%00%(upstream:remoteref) refs/heads/main refs/remotes/main [14ms]
2025-06-07 13:12:03.646 [info] > git diff --name-status -z --diff-filter=ADMR e9598d8c7fd3ad48ecf6d74ca0e96619a35e4b62...refs/remotes/origin/main [22ms]
2025-06-07 13:12:03.646 [info] > git config --get --local branch.main.vscode-merge-base [27ms]
2025-06-07 13:12:03.650 [info] > git config --get commit.template [34ms]
2025-06-07 13:12:03.651 [info] > git for-each-ref --format=%(refname)%00%(upstream:short)%00%(objectname)%00%(upstream:track)%00%(upstream:remotename)%00%(upstream:remoteref) refs/heads/main refs/remotes/main [39ms]
2025-06-07 13:12:03.673 [warning] [Git][revParse] Unable to read file: ENOENT: no such file or directory, open '/home/sterben/projects/sqlalchemy-utils/.git/refs/remotes/origin/main'
2025-06-07 13:12:03.675 [info] > git for-each-ref --format=%(refname)%00%(upstream:short)%00%(objectname)%00%(upstream:track)%00%(upstream:remotename)%00%(upstream:remoteref) refs/heads/origin/main refs/remotes/origin/main [25ms]
2025-06-07 13:12:03.678 [info] > git config --get --local branch.main.vscode-merge-base [33ms]
2025-06-07 13:12:03.680 [info] > git rev-parse refs/remotes/origin/main [40ms]
2025-06-07 13:12:03.686 [info] > git rev-parse --show-toplevel [49ms]
2025-06-07 13:12:03.686 [info] > git for-each-ref --format=%(refname)%00%(upstream:short)%00%(objectname)%00%(upstream:track)%00%(upstream:remotename)%00%(upstream:remoteref) refs/heads/main refs/remotes/main [54ms]
2025-06-07 13:12:03.706 [warning] [Git][revParse] Unable to read file: ENOENT: no such file or directory, open '/home/sterben/projects/sqlalchemy-utils/.git/refs/remotes/origin/main'
2025-06-07 13:12:03.707 [info] > git status -z -uall [24ms]
2025-06-07 13:12:03.707 [info] > git for-each-ref --sort -committerdate --format %(refname)%00%(objectname)%00%(*objectname) [22ms]
2025-06-07 13:12:03.709 [info] > git for-each-ref --format=%(refname)%00%(upstream:short)%00%(objectname)%00%(upstream:track)%00%(upstream:remotename)%00%(upstream:remoteref) refs/heads/origin/main refs/remotes/origin/main [29ms]
2025-06-07 13:12:03.713 [info] > git merge-base refs/heads/main refs/remotes/origin/main [35ms]
2025-06-07 13:12:03.718 [info] > git rev-parse refs/remotes/origin/main [45ms]
2025-06-07 13:12:03.756 [info] > git for-each-ref --format=%(refname)%00%(upstream:short)%00%(objectname)%00%(upstream:track)%00%(upstream:remotename)%00%(upstream:remoteref) refs/heads/main refs/remotes/main [33ms]
2025-06-07 13:12:03.759 [info] > git diff --name-status -z --diff-filter=ADMR 058467519585a77f3601646f40323ae6f1848ccf...refs/remotes/origin/main [42ms]
2025-06-07 13:12:03.760 [info] > git merge-base refs/heads/main refs/remotes/origin/main [47ms]
2025-06-07 13:12:03.762 [info] > git rev-parse refs/remotes/origin/main [56ms]
2025-06-07 13:12:03.766 [info] > git rev-parse --show-toplevel [66ms]
2025-06-07 13:12:03.766 [info] > git for-each-ref --format=%(refname)%00%(upstream:short)%00%(objectname)%00%(upstream:track)%00%(upstream:remotename)%00%(upstream:remoteref) refs/heads/main refs/remotes/main [68ms]
2025-06-07 13:12:03.785 [warning] [Git][revParse] Unable to read file: ENOENT: no such file or directory, open '/home/sterben/projects/core-microservice/.git/refs/remotes/origin/main'
2025-06-07 13:12:03.785 [info] > git for-each-ref --format=%(refname)%00%(upstream:short)%00%(objectname)%00%(upstream:track)%00%(upstream:remotename)%00%(upstream:remoteref) refs/heads/main refs/remotes/main [20ms]
2025-06-07 13:12:03.789 [info] > git diff --name-status -z --diff-filter=ADMR 058467519585a77f3601646f40323ae6f1848ccf...refs/remotes/origin/main [27ms]
2025-06-07 13:12:03.790 [info] > git config --get --local branch.main.vscode-merge-base [31ms]
2025-06-07 13:12:03.794 [info] > git config --get commit.template [45ms]
2025-06-07 13:12:03.895 [info] > git for-each-ref --format=%(refname)%00%(upstream:short)%00%(objectname)%00%(upstream:track)%00%(upstream:remotename)%00%(upstream:remoteref) refs/heads/origin/main refs/remotes/origin/main [101ms]
2025-06-07 13:12:03.899 [info] > git config --get --local branch.main.vscode-merge-base [110ms]
2025-06-07 13:12:03.902 [info] > git rev-parse refs/remotes/origin/main [117ms]
2025-06-07 13:12:03.908 [info] > git rev-parse --show-toplevel [126ms]
2025-06-07 13:12:03.924 [info] > git status -z -uall [19ms]
2025-06-07 13:12:03.925 [info] > git for-each-ref --sort -committerdate --format %(refname)%00%(objectname)%00%(*objectname) [17ms]
2025-06-07 13:12:03.926 [info] > git for-each-ref --format=%(refname)%00%(upstream:short)%00%(objectname)%00%(upstream:track)%00%(upstream:remotename)%00%(upstream:remoteref) refs/heads/origin/main refs/remotes/origin/main [24ms]
2025-06-07 13:12:03.929 [info] > git merge-base refs/heads/main refs/remotes/origin/main [31ms]
2025-06-07 13:12:03.942 [info] > git diff --name-status -z --diff-filter=ADMR b643c80f77087d8c9921de0aae9b366887301abf...refs/remotes/origin/main [10ms]
2025-06-07 13:12:03.942 [info] > git merge-base refs/heads/main refs/remotes/origin/main [13ms]
2025-06-07 13:12:03.946 [info] > git rev-parse --show-toplevel [22ms]
2025-06-07 13:12:03.946 [info] > git for-each-ref --format=%(refname)%00%(upstream:short)%00%(objectname)%00%(upstream:track)%00%(upstream:remotename)%00%(upstream:remoteref) refs/heads/main refs/remotes/main [26ms]
2025-06-07 13:12:03.953 [warning] [Git][revParse] Unable to read file: ENOENT: no such file or directory, open '/home/sterben/projects/sqlalchemy-utils/.git/refs/remotes/origin/main'
2025-06-07 13:12:03.956 [info] > git diff --name-status -z --diff-filter=ADMR b643c80f77087d8c9921de0aae9b366887301abf...refs/remotes/origin/main [10ms]
2025-06-07 13:12:03.962 [info] > git rev-parse refs/remotes/origin/main [9ms]
2025-06-07 13:12:03.968 [info] > git rev-parse --show-toplevel [17ms]
2025-06-07 13:12:03.976 [info] > git status -z -uall [11ms]
2025-06-07 13:12:03.977 [info] > git for-each-ref --sort -committerdate --format %(refname)%00%(objectname)%00%(*objectname) [9ms]
2025-06-07 13:12:03.980 [info] > git rev-parse --show-toplevel [4ms]
2025-06-07 13:12:03.989 [info] > git rev-parse --show-toplevel [1ms]
2025-06-07 13:12:03.993 [info] > git rev-parse --show-toplevel [1ms]
2025-06-07 13:12:03.993 [info] [Model][doInitialScan] Initial repository scan completed - repositories (5), closed repositories (0), parent repositories (0), unsafe repositories (0)
2025-06-07 13:12:04.037 [info] > git check-ignore -v -z --stdin [10ms]
2025-06-07 13:12:04.038 [info] > git check-ignore -v -z --stdin [8ms]
2025-06-07 13:12:04.038 [info] > git check-ignore -v -z --stdin [6ms]
2025-06-07 13:12:04.038 [info] > git check-ignore -v -z --stdin [4ms]
2025-06-07 13:12:04.038 [info] > git check-ignore -v -z --stdin [1ms]
2025-06-07 13:12:08.718 [info] > git rev-parse --show-toplevel [2ms]
2025-06-07 13:12:08.718 [info] fatal: not a git repository (or any parent up to mount point /)
Stopping at filesystem boundary (GIT_DISCOVERY_ACROSS_FILESYSTEM not set).
