2025-06-08 00:43:09.509 [info] Extension host with pid 90045 started
2025-06-08 00:43:09.509 [info] Skipping acquiring lock for /home/sterben/.config/VSCodium/User/workspaceStorage/b8a26b5e4b066c95d9a006f9b01d477e.
2025-06-08 00:43:09.580 [info] ExtensionService#_doActivateExtension Vue.volar, startup: false, activationEvent: 'onLanguage:plaintext'
2025-06-08 00:43:09.613 [info] ExtensionService#_doActivateExtension vscode.emmet, startup: false, activationEvent: 'onLanguage'
2025-06-08 00:43:09.648 [info] ExtensionService#_doActivateExtension vscode.typescript-language-features, startup: false, activationEvent: 'api', root cause: Vue.volar
2025-06-08 00:43:09.687 [info] ExtensionService#_doActivateExtension vscode.git-base, startup: true, activationEvent: '*', root cause: vscode.git
2025-06-08 00:43:09.688 [info] ExtensionService#_doActivateExtension mikoz.composite-formatter, startup: true, activationEvent: '*'
2025-06-08 00:43:09.689 [info] ExtensionService#_doActivateExtension Zignd.html-css-class-completion, startup: true, activationEvent: '*'
2025-06-08 00:43:09.748 [info] ExtensionService#_doActivateExtension vscode.git, startup: true, activationEvent: '*'
2025-06-08 00:43:09.774 [info] ExtensionService#_doActivateExtension vscode.github, startup: true, activationEvent: '*'
2025-06-08 00:43:09.881 [info] Extension host with pid 90167 started
2025-06-08 00:43:09.881 [info] Skipping acquiring lock for /home/sterben/.config/VSCodium/User/workspaceStorage/b8a26b5e4b066c95d9a006f9b01d477e.
2025-06-08 00:43:09.902 [info] Eager extensions activated
2025-06-08 00:43:09.909 [info] Eager extensions activated
2025-06-08 00:43:09.921 [info] ExtensionService#_doActivateExtension asvetliakov.vscode-neovim, startup: false, activationEvent: 'onStartupFinished'
2025-06-08 00:43:09.923 [info] ExtensionService#_doActivateExtension vscode.debug-auto-launch, startup: false, activationEvent: 'onStartupFinished'
2025-06-08 00:43:09.925 [info] ExtensionService#_doActivateExtension vscode.merge-conflict, startup: false, activationEvent: 'onStartupFinished'
2025-06-08 00:43:09.936 [info] ExtensionService#_doActivateExtension dbaeumer.vscode-eslint, startup: false, activationEvent: 'onStartupFinished'
2025-06-08 00:43:09.958 [info] ExtensionService#_doActivateExtension eamodio.gitlens, startup: false, activationEvent: 'onStartupFinished'
2025-06-08 00:43:10.041 [info] ExtensionService#_doActivateExtension ecmel.vscode-html-css, startup: false, activationEvent: 'onStartupFinished'
2025-06-08 00:43:10.042 [info] ExtensionService#_doActivateExtension elagil.pre-commit-helper, startup: false, activationEvent: 'onStartupFinished'
2025-06-08 00:43:10.047 [info] ExtensionService#_doActivateExtension Gruntfuggly.todo-tree, startup: false, activationEvent: 'onStartupFinished'
2025-06-08 00:43:10.068 [info] ExtensionService#_doActivateExtension ms-vscode-remote.remote-containers, startup: false, activationEvent: 'onStartupFinished'
2025-06-08 00:43:10.343 [info] ExtensionService#_doActivateExtension vscode.configuration-editing, startup: false, activationEvent: 'onLanguage:jsonc'
2025-06-08 00:43:10.347 [info] ExtensionService#_doActivateExtension vscode.json-language-features, startup: false, activationEvent: 'onLanguage:jsonc'
2025-06-08 00:43:10.383 [info] ExtensionService#_doActivateExtension vscode.github-authentication, startup: false, activationEvent: 'onAuthenticationRequest:github'
2025-06-08 00:46:38.154 [info] ExtensionService#_doActivateExtension vscode.css-language-features, startup: false, activationEvent: 'onLanguage:css'
