2025-06-07 13:11:05.563 [info] Reading sessions from keychain...
2025-06-07 13:11:05.563 [info] Getting sessions for all scopes...
2025-06-07 13:11:05.563 [info] Getting sessions for all scopes...
2025-06-07 13:11:05.563 [info] Got stored sessions!
2025-06-07 13:11:05.563 [info] Got 1 verified sessions.
2025-06-07 13:11:05.563 [info] Got 1 sessions for ...
2025-06-07 13:11:05.563 [info] Got 1 sessions for ...
2025-06-07 13:11:05.563 [info] Getting sessions for read:user,repo,user:email...
2025-06-07 13:11:05.563 [info] Got 0 sessions for read:user,repo,user:email...
2025-06-07 13:11:06.133 [info] Getting sessions for all scopes...
2025-06-07 13:11:06.133 [info] Got 1 sessions for ...
2025-06-07 13:11:49.445 [info] Reading sessions from keychain...
2025-06-07 13:11:49.445 [info] Getting sessions for all scopes...
2025-06-07 13:11:49.445 [info] Getting sessions for all scopes...
2025-06-07 13:11:49.445 [info] Got stored sessions!
2025-06-07 13:11:49.445 [info] Got 1 verified sessions.
2025-06-07 13:11:49.445 [info] Got 1 sessions for ...
2025-06-07 13:11:49.445 [info] Got 1 sessions for ...
2025-06-07 13:11:50.645 [info] Getting sessions for read:user,repo,user:email...
2025-06-07 13:11:50.645 [info] Got 0 sessions for read:user,repo,user:email...
