E492: Not an editor command: dd 8
E492: Not an editor command: dd
E492: Not an editor command: search find
E21: Cannot make changes, 'modifiable' is off
E492: Not an editor command: ["x]dd
E492: Not an editor command: [5"]dd
E492: Not an editor command: [5]dd
E492: Not an editor command: 5dd
5 fewer lines
10 fewer lines
4 fewer lines
5 fewer lines
9 fewer lines
9 more lines
9 fewer lines; before #51  18 seconds ago
6 fewer lines
/Save             
/Save        [1/3]
/temperature             
/temperature        [2/3]
/temperature             
/temperature        [2/3]
1 change; before #61  7 seconds ago
3 more lines; before #60  18:59:55
/weather             
/weather      W [1/3]
/weather             
/weather        [2/2]
8 fewer lines
10 fewer lines
2 more lines; before #2  2 seconds ago
4 fewer lines
/language             
/language        [2/2]
/submap             
/submap        [2/2]
/modules             
/modules      W [1/3]
/modules      W [1/3]
/weather             
/weather        [2/2]
18 changes; before #12  19:55:20
18 changes; before #12  19:55:20
2 changes; before #13  1 second ago
2 fewer lines; before #11  19:53:24
E492: Not an editor command: ggVG
151 lines yanked into "+
150 fewer lines
150 fewer lines
150 fewer lines; before #15  10 seconds ago
150 fewer lines; before #16  17 seconds ago
1 line less; before #18  39 seconds ago
1 line less; before #18  39 seconds ago
/temperature             
/temperature        [2/3]
/temperature        [2/3]
1 line less; before #22  59 seconds ago
1 line less; before #22  59 seconds ago
