/custom             
/custom        [1/1]
/custom        [1/1]
E348: No string under cursor
/temperature             
/temperature        [1/4]
/temperature             
/temperature        [2/4]
/temperature             
/temperature        [3/4]
/temperature             
/temperature        [4/4]
/temperature             
/temperature      W [1/4]
/temperature             
/temperature        [2/4]
/temperature             
/temperature        [3/4]
/temperature             
/temperature        [4/4]
/modules             
/modules        [1/3]
5 fewer lines
3 more lines
1 change; before #6  3 seconds ago
3 fewer lines; before #5  3 seconds ago
1 more line; before #4  89 seconds ago
1 more line; before #13  30 seconds ago
1 more line; before #12  31 seconds ago
1 line less; before #11  23:38:13
1 more line; before #10  23:38:09
1 more line; before #9  23:38:05
3 fewer lines; before #8  23:36:57
1 more line; before #7  23:36:47
1 change; before #3  23:35:12
5 more lines; before #2  23:35:10
Already at oldest change
Already at oldest change
Already at oldest change
Already at oldest change
Already at oldest change
Already at oldest change
Already at oldest change
6 fewer lines
3 lines yanked
10 fewer lines
3 fewer lines
4 fewer lines
4 fewer lines
